TN:
SF:src/LightweightCharts.tsx
FN:37,(anonymous_0)
FN:75,(anonymous_1)
FN:94,(anonymous_2)
FN:110,(anonymous_3)
FN:157,(anonymous_4)
FN:167,(anonymous_5)
FN:174,(anonymous_6)
FN:197,(anonymous_7)
FN:204,(anonymous_8)
FN:219,(anonymous_9)
FN:226,(anonymous_10)
FN:235,(anonymous_11)
FN:254,(anonymous_12)
FN:278,(anonymous_13)
FN:294,(anonymous_14)
FN:304,(anonymous_15)
FN:358,(anonymous_16)
FN:382,(anonymous_17)
FN:401,(anonymous_18)
FN:415,(anonymous_19)
FN:461,(anonymous_20)
FN:476,(anonymous_21)
FN:496,(anonymous_22)
FN:509,(anonymous_23)
FN:531,(anonymous_24)
FN:558,(anonymous_25)
FN:570,(anonymous_26)
FN:589,(anonymous_27)
FN:599,(anonymous_28)
FN:626,(anonymous_29)
FN:635,(anonymous_30)
FN:647,(anonymous_31)
FN:649,(anonymous_32)
FN:665,(anonymous_33)
FN:668,(anonymous_34)
FN:687,(anonymous_35)
FN:698,(anonymous_36)
FN:703,(anonymous_37)
FN:712,(anonymous_38)
FN:736,(anonymous_39)
FN:754,(anonymous_40)
FN:845,(anonymous_41)
FN:852,(anonymous_42)
FN:865,(anonymous_43)
FN:959,(anonymous_44)
FN:970,(anonymous_45)
FN:1006,(anonymous_46)
FN:1032,(anonymous_47)
FN:1050,(anonymous_48)
FN:1077,(anonymous_49)
FN:1095,(anonymous_50)
FN:1108,(anonymous_51)
FN:1126,(anonymous_52)
FN:1132,(anonymous_53)
FN:1155,(anonymous_54)
FN:1204,(anonymous_55)
FN:1268,(anonymous_56)
FN:1287,(anonymous_57)
FN:1325,(anonymous_58)
FN:1338,(anonymous_59)
FN:1351,(anonymous_60)
FN:1400,(anonymous_61)
FN:1442,(anonymous_62)
FN:1444,(anonymous_63)
FN:1477,(anonymous_64)
FN:1480,(anonymous_65)
FN:1504,(anonymous_66)
FN:1517,(anonymous_67)
FN:1551,(anonymous_68)
FN:1637,(anonymous_69)
FN:1664,(anonymous_70)
FN:1668,(anonymous_71)
FN:1737,(anonymous_72)
FN:1774,(anonymous_73)
FN:1796,(anonymous_74)
FN:1855,(anonymous_75)
FN:1934,(anonymous_76)
FN:1969,(anonymous_77)
FN:1980,(anonymous_78)
FN:1996,(anonymous_79)
FN:2006,(anonymous_80)
FN:2050,(anonymous_81)
FN:2106,(anonymous_82)
FN:2135,(anonymous_83)
FN:2165,(anonymous_84)
FN:2190,(anonymous_85)
FN:2208,(anonymous_86)
FN:2240,(anonymous_87)
FN:2242,(anonymous_88)
FN:2250,(anonymous_89)
FN:2251,(anonymous_90)
FN:2257,(anonymous_91)
FN:2262,(anonymous_92)
FNF:93
FNH:15
FNDA:0,(anonymous_0)
FNDA:0,(anonymous_1)
FNDA:0,(anonymous_2)
FNDA:40,(anonymous_3)
FNDA:0,(anonymous_4)
FNDA:0,(anonymous_5)
FNDA:0,(anonymous_6)
FNDA:0,(anonymous_7)
FNDA:0,(anonymous_8)
FNDA:0,(anonymous_9)
FNDA:0,(anonymous_10)
FNDA:0,(anonymous_11)
FNDA:0,(anonymous_12)
FNDA:0,(anonymous_13)
FNDA:0,(anonymous_14)
FNDA:0,(anonymous_15)
FNDA:0,(anonymous_16)
FNDA:0,(anonymous_17)
FNDA:0,(anonymous_18)
FNDA:0,(anonymous_19)
FNDA:0,(anonymous_20)
FNDA:0,(anonymous_21)
FNDA:0,(anonymous_22)
FNDA:0,(anonymous_23)
FNDA:0,(anonymous_24)
FNDA:0,(anonymous_25)
FNDA:0,(anonymous_26)
FNDA:30,(anonymous_27)
FNDA:0,(anonymous_28)
FNDA:0,(anonymous_29)
FNDA:0,(anonymous_30)
FNDA:0,(anonymous_31)
FNDA:0,(anonymous_32)
FNDA:0,(anonymous_33)
FNDA:0,(anonymous_34)
FNDA:0,(anonymous_35)
FNDA:0,(anonymous_36)
FNDA:0,(anonymous_37)
FNDA:0,(anonymous_38)
FNDA:0,(anonymous_39)
FNDA:0,(anonymous_40)
FNDA:0,(anonymous_41)
FNDA:0,(anonymous_42)
FNDA:0,(anonymous_43)
FNDA:0,(anonymous_44)
FNDA:0,(anonymous_45)
FNDA:0,(anonymous_46)
FNDA:0,(anonymous_47)
FNDA:0,(anonymous_48)
FNDA:0,(anonymous_49)
FNDA:0,(anonymous_50)
FNDA:0,(anonymous_51)
FNDA:0,(anonymous_52)
FNDA:0,(anonymous_53)
FNDA:0,(anonymous_54)
FNDA:0,(anonymous_55)
FNDA:0,(anonymous_56)
FNDA:0,(anonymous_57)
FNDA:0,(anonymous_58)
FNDA:0,(anonymous_59)
FNDA:0,(anonymous_60)
FNDA:0,(anonymous_61)
FNDA:0,(anonymous_62)
FNDA:0,(anonymous_63)
FNDA:40,(anonymous_64)
FNDA:39,(anonymous_65)
FNDA:37,(anonymous_66)
FNDA:29,(anonymous_67)
FNDA:29,(anonymous_68)
FNDA:0,(anonymous_69)
FNDA:0,(anonymous_70)
FNDA:0,(anonymous_71)
FNDA:0,(anonymous_72)
FNDA:0,(anonymous_73)
FNDA:0,(anonymous_74)
FNDA:0,(anonymous_75)
FNDA:0,(anonymous_76)
FNDA:0,(anonymous_77)
FNDA:0,(anonymous_78)
FNDA:0,(anonymous_79)
FNDA:0,(anonymous_80)
FNDA:0,(anonymous_81)
FNDA:0,(anonymous_82)
FNDA:0,(anonymous_83)
FNDA:0,(anonymous_84)
FNDA:5,(anonymous_85)
FNDA:30,(anonymous_86)
FNDA:40,(anonymous_87)
FNDA:40,(anonymous_88)
FNDA:30,(anonymous_89)
FNDA:30,(anonymous_90)
FNDA:40,(anonymous_91)
FNDA:39,(anonymous_92)
DA:37,4
DA:38,0
DA:39,0
DA:42,0
DA:43,0
DA:45,0
DA:46,0
DA:48,0
DA:50,0
DA:51,0
DA:52,0
DA:53,0
DA:54,0
DA:55,0
DA:59,0
DA:61,0
DA:62,0
DA:63,0
DA:64,0
DA:68,0
DA:75,4
DA:82,0
DA:83,0
DA:84,0
DA:86,0
DA:88,0
DA:89,0
DA:93,0
DA:94,0
DA:98,0
DA:109,4
DA:113,40
DA:114,40
DA:115,40
DA:116,40
DA:117,40
DA:118,40
DA:119,40
DA:120,40
DA:121,40
DA:122,40
DA:123,40
DA:124,40
DA:125,40
DA:128,40
DA:157,40
DA:158,0
DA:159,0
DA:166,40
DA:169,0
DA:170,0
DA:174,0
DA:175,0
DA:176,0
DA:177,0
DA:182,0
DA:186,0
DA:196,40
DA:199,0
DA:200,0
DA:203,0
DA:205,0
DA:209,0
DA:210,0
DA:212,0
DA:218,40
DA:221,0
DA:222,0
DA:226,0
DA:227,0
DA:228,0
DA:230,0
DA:231,0
DA:235,0
DA:240,0
DA:241,0
DA:242,0
DA:244,0
DA:248,0
DA:250,0
DA:251,0
DA:252,0
DA:254,0
DA:255,0
DA:256,0
DA:257,0
DA:258,0
DA:264,0
DA:265,0
DA:266,0
DA:268,0
DA:271,0
DA:272,0
DA:273,0
DA:275,0
DA:276,0
DA:278,0
DA:279,0
DA:290,0
DA:291,0
DA:294,0
DA:296,0
DA:297,0
DA:301,0
DA:304,0
DA:305,0
DA:306,0
DA:308,0
DA:311,0
DA:312,0
DA:315,0
DA:316,0
DA:317,0
DA:327,0
DA:328,0
DA:329,0
DA:339,0
DA:340,0
DA:349,0
DA:350,0
DA:351,0
DA:354,0
DA:355,0
DA:356,0
DA:358,0
DA:359,0
DA:360,0
DA:361,0
DA:362,0
DA:368,0
DA:369,0
DA:370,0
DA:372,0
DA:375,0
DA:376,0
DA:377,0
DA:379,0
DA:380,0
DA:382,0
DA:383,0
DA:394,0
DA:395,0
DA:399,0
DA:400,0
DA:401,0
DA:403,0
DA:404,0
DA:405,0
DA:407,0
DA:410,0
DA:411,0
DA:415,0
DA:416,0
DA:417,0
DA:419,0
DA:422,0
DA:423,0
DA:424,0
DA:425,0
DA:435,0
DA:436,0
DA:445,0
DA:446,0
DA:461,40
DA:462,0
DA:464,0
DA:465,0
DA:468,0
DA:469,0
DA:476,40
DA:478,0
DA:479,0
DA:482,0
DA:483,0
DA:486,0
DA:487,0
DA:491,0
DA:494,0
DA:496,0
DA:497,0
DA:499,0
DA:500,0
DA:503,0
DA:505,0
DA:507,0
DA:509,0
DA:510,0
DA:517,0
DA:519,0
DA:521,0
DA:522,0
DA:526,0
DA:531,0
DA:532,0
DA:533,0
DA:534,0
DA:539,0
DA:553,0
DA:554,0
DA:558,0
DA:559,0
DA:565,0
DA:568,0
DA:570,0
DA:571,0
DA:574,0
DA:575,0
DA:576,0
DA:580,0
DA:582,0
DA:589,40
DA:594,30
DA:595,0
DA:599,30
DA:600,0
DA:602,30
DA:605,30
DA:606,0
DA:607,0
DA:610,30
DA:611,0
DA:612,0
DA:616,30
DA:617,0
DA:618,0
DA:622,0
DA:626,30
DA:627,0
DA:628,0
DA:635,30
DA:636,0
DA:637,0
DA:646,30
DA:647,0
DA:648,0
DA:649,0
DA:650,0
DA:651,0
DA:652,0
DA:660,0
DA:664,30
DA:665,0
DA:666,0
DA:667,0
DA:668,0
DA:669,0
DA:670,0
DA:671,0
DA:682,0
DA:686,30
DA:687,30
DA:688,0
DA:689,0
DA:697,30
DA:698,30
DA:699,0
DA:703,30
DA:704,0
DA:705,0
DA:712,30
DA:713,0
DA:715,0
DA:716,0
DA:724,30
DA:725,30
DA:726,30
DA:727,30
DA:728,30
DA:729,30
DA:732,30
DA:735,40
DA:743,0
DA:744,0
DA:747,0
DA:749,0
DA:751,0
DA:753,0
DA:757,0
DA:761,0
DA:766,0
DA:767,0
DA:769,0
DA:771,0
DA:772,0
DA:774,0
DA:775,0
DA:779,0
DA:780,0
DA:782,0
DA:785,0
DA:789,0
DA:793,0
DA:797,0
DA:803,0
DA:804,0
DA:805,0
DA:809,0
DA:810,0
DA:811,0
DA:812,0
DA:816,0
DA:821,0
DA:843,0
DA:845,0
DA:847,0
DA:851,0
DA:852,0
DA:853,0
DA:854,0
DA:862,0
DA:863,0
DA:865,0
DA:868,0
DA:872,0
DA:877,0
DA:878,0
DA:880,0
DA:881,0
DA:882,0
DA:884,0
DA:885,0
DA:889,0
DA:890,0
DA:891,0
DA:895,0
DA:908,0
DA:909,0
DA:910,0
DA:911,0
DA:913,0
DA:914,0
DA:915,0
DA:916,0
DA:917,0
DA:918,0
DA:921,0
DA:934,0
DA:935,0
DA:937,0
DA:943,0
DA:958,40
DA:961,0
DA:963,0
DA:965,0
DA:967,0
DA:968,0
DA:969,0
DA:970,0
DA:971,0
DA:977,0
DA:984,0
DA:986,0
DA:991,0
DA:992,0
DA:996,0
DA:997,0
DA:998,0
DA:1001,0
DA:1005,0
DA:1006,0
DA:1009,0
DA:1010,0
DA:1014,0
DA:1015,0
DA:1018,0
DA:1021,0
DA:1022,0
DA:1023,0
DA:1024,0
DA:1029,0
DA:1030,0
DA:1031,0
DA:1032,0
DA:1033,0
DA:1034,0
DA:1035,0
DA:1036,0
DA:1037,0
DA:1049,40
DA:1052,0
DA:1054,0
DA:1056,0
DA:1058,0
DA:1059,0
DA:1060,0
DA:1061,0
DA:1066,0
DA:1068,0
DA:1073,0
DA:1074,0
DA:1077,0
DA:1078,0
DA:1079,0
DA:1080,0
DA:1083,0
DA:1084,0
DA:1094,40
DA:1101,0
DA:1102,0
DA:1105,0
DA:1107,0
DA:1109,0
DA:1118,0
DA:1121,0
DA:1122,0
DA:1124,0
DA:1132,40
DA:1133,0
DA:1134,0
DA:1135,0
DA:1137,0
DA:1138,0
DA:1141,0
DA:1144,0
DA:1145,0
DA:1147,0
DA:1148,0
DA:1149,0
DA:1154,40
DA:1157,0
DA:1158,0
DA:1162,0
DA:1163,0
DA:1166,0
DA:1168,0
DA:1170,0
DA:1174,0
DA:1175,0
DA:1177,0
DA:1181,0
DA:1182,0
DA:1189,40
DA:1190,40
DA:1203,40
DA:1209,0
DA:1211,0
DA:1212,0
DA:1215,0
DA:1216,0
DA:1217,0
DA:1218,0
DA:1219,0
DA:1225,0
DA:1231,0
DA:1232,0
DA:1236,0
DA:1242,0
DA:1245,0
DA:1247,0
DA:1249,0
DA:1253,0
DA:1254,0
DA:1256,0
DA:1260,0
DA:1261,0
DA:1266,0
DA:1267,0
DA:1270,0
DA:1271,0
DA:1275,0
DA:1276,0
DA:1277,0
DA:1278,0
DA:1279,0
DA:1282,0
DA:1287,0
DA:1288,0
DA:1289,0
DA:1294,0
DA:1296,0
DA:1303,0
DA:1307,0
DA:1311,0
DA:1318,0
DA:1321,0
DA:1324,0
DA:1325,0
DA:1326,0
DA:1327,0
DA:1336,0
DA:1338,0
DA:1339,0
DA:1341,0
DA:1342,0
DA:1344,0
DA:1350,0
DA:1351,0
DA:1353,0
DA:1356,0
DA:1357,0
DA:1358,0
DA:1359,0
DA:1360,0
DA:1361,0
DA:1366,0
DA:1369,0
DA:1370,0
DA:1373,0
DA:1377,0
DA:1380,0
DA:1382,0
DA:1385,0
DA:1391,0
DA:1393,0
DA:1394,0
DA:1396,0
DA:1400,0
DA:1401,0
DA:1402,0
DA:1405,0
DA:1406,0
DA:1410,0
DA:1411,0
DA:1415,0
DA:1420,0
DA:1421,0
DA:1422,0
DA:1423,0
DA:1424,0
DA:1427,0
DA:1430,0
DA:1433,0
DA:1434,0
DA:1437,0
DA:1442,0
DA:1444,0
DA:1445,0
DA:1462,0
DA:1477,40
DA:1478,40
DA:1480,37
DA:1481,39
DA:1485,39
DA:1503,40
DA:1506,37
DA:1507,10
DA:1511,27
DA:1512,0
DA:1516,27
DA:1517,27
DA:1518,29
DA:1519,29
DA:1527,27
DA:1528,0
DA:1532,27
DA:1533,0
DA:1536,27
DA:1537,0
DA:1541,27
DA:1542,4
DA:1544,27
DA:1545,4
DA:1547,27
DA:1548,4
DA:1551,27
DA:1552,29
DA:1553,29
DA:1556,29
DA:1557,29
DA:1558,0
DA:1559,0
DA:1560,0
DA:1561,0
DA:1564,0
DA:1565,0
DA:1566,0
DA:1568,0
DA:1569,0
DA:1571,0
DA:1572,0
DA:1574,0
DA:1575,0
DA:1577,0
DA:1578,0
DA:1580,0
DA:1581,0
DA:1584,0
DA:1585,0
DA:1588,0
DA:1590,0
DA:1593,0
DA:1594,0
DA:1595,0
DA:1596,0
DA:1597,0
DA:1598,0
DA:1601,0
DA:1603,0
DA:1606,29
DA:1610,29
DA:1612,29
DA:1613,0
DA:1617,29
DA:1620,29
DA:1621,29
DA:1623,0
DA:1627,29
DA:1628,0
DA:1632,29
DA:1633,29
DA:1634,29
DA:1637,29
DA:1638,0
DA:1644,29
DA:1645,0
DA:1646,0
DA:1649,0
DA:1652,0
DA:1653,0
DA:1656,0
DA:1657,0
DA:1659,0
DA:1663,0
DA:1665,0
DA:1666,0
DA:1668,0
DA:1669,0
DA:1670,0
DA:1680,0
DA:1681,0
DA:1685,0
DA:1686,0
DA:1688,0
DA:1691,0
DA:1692,0
DA:1697,0
DA:1702,0
DA:1703,0
DA:1706,0
DA:1709,0
DA:1714,0
DA:1723,0
DA:1724,0
DA:1727,0
DA:1728,0
DA:1729,0
DA:1732,0
DA:1737,0
DA:1738,0
DA:1739,0
DA:1740,0
DA:1741,0
DA:1744,0
DA:1745,0
DA:1746,0
DA:1747,0
DA:1750,0
DA:1754,0
DA:1755,0
DA:1757,0
DA:1758,0
DA:1759,0
DA:1772,0
DA:1773,0
DA:1775,0
DA:1777,0
DA:1778,0
DA:1779,0
DA:1793,0
DA:1795,0
DA:1796,0
DA:1797,0
DA:1798,0
DA:1799,0
DA:1803,0
DA:1809,0
DA:1810,0
DA:1813,0
DA:1820,0
DA:1821,0
DA:1826,0
DA:1833,0
DA:1834,0
DA:1835,0
DA:1836,0
DA:1837,0
DA:1850,0
DA:1853,0
DA:1855,0
DA:1856,0
DA:1858,0
DA:1868,0
DA:1869,0
DA:1879,0
DA:1880,0
DA:1900,0
DA:1901,0
DA:1914,0
DA:1916,0
DA:1917,0
DA:1921,0
DA:1923,0
DA:1924,0
DA:1925,0
DA:1926,0
DA:1929,0
DA:1933,0
DA:1935,0
DA:1936,0
DA:1938,0
DA:1939,0
DA:1940,0
DA:1952,0
DA:1955,0
DA:1958,0
DA:1959,0
DA:1963,0
DA:1964,0
DA:1968,0
DA:1969,0
DA:1970,0
DA:1975,0
DA:1977,0
DA:1981,0
DA:1982,0
DA:1990,0
DA:1997,0
DA:1998,0
DA:2000,0
DA:2001,0
DA:2006,0
DA:2007,0
DA:2009,0
DA:2010,0
DA:2014,0
DA:2015,0
DA:2026,0
DA:2029,0
DA:2030,0
DA:2031,0
DA:2032,0
DA:2037,0
DA:2055,0
DA:2058,0
DA:2059,0
DA:2062,0
DA:2063,0
DA:2065,0
DA:2066,0
DA:2070,0
DA:2073,0
DA:2074,0
DA:2075,0
DA:2078,0
DA:2087,0
DA:2090,0
DA:2091,0
DA:2092,0
DA:2094,0
DA:2095,0
DA:2096,0
DA:2097,0
DA:2100,0
DA:2106,0
DA:2107,0
DA:2108,0
DA:2110,0
DA:2112,0
DA:2119,0
DA:2129,0
DA:2131,0
DA:2132,0
DA:2135,0
DA:2137,0
DA:2143,0
DA:2144,0
DA:2146,0
DA:2147,0
DA:2149,0
DA:2160,0
DA:2163,0
DA:2165,0
DA:2166,0
DA:2167,0
DA:2168,0
DA:2170,0
DA:2171,0
DA:2176,0
DA:2187,27
DA:2190,27
DA:2192,5
DA:2193,0
DA:2208,40
DA:2209,30
DA:2240,40
DA:2242,40
DA:2243,40
DA:2244,37
DA:2250,40
DA:2251,30
DA:2252,30
DA:2257,40
DA:2258,40
DA:2259,3
DA:2262,37
DA:2263,39
DA:2264,39
DA:2268,39
DA:2269,39
DA:2272,39
DA:2273,39
DA:2283,39
DA:2285,39
DA:2293,40
DA:2294,3
DA:2297,37
LF:806
LH:122
BRDA:38,0,0,0
BRDA:38,0,1,0
BRDA:38,1,0,0
BRDA:38,1,1,0
BRDA:46,2,0,0
BRDA:46,2,1,0
BRDA:50,3,0,0
BRDA:50,3,1,0
BRDA:51,4,0,0
BRDA:51,4,1,0
BRDA:52,5,0,0
BRDA:52,5,1,0
BRDA:54,6,0,0
BRDA:54,6,1,0
BRDA:59,7,0,0
BRDA:59,7,1,0
BRDA:62,8,0,0
BRDA:62,8,1,0
BRDA:77,9,0,0
BRDA:78,10,0,0
BRDA:88,11,0,0
BRDA:88,11,1,0
BRDA:110,12,0,17
BRDA:110,13,0,39
BRDA:169,14,0,0
BRDA:169,14,1,0
BRDA:177,15,0,0
BRDA:177,15,1,0
BRDA:179,16,0,0
BRDA:179,16,1,0
BRDA:182,17,0,0
BRDA:182,17,1,0
BRDA:182,17,2,0
BRDA:183,18,0,0
BRDA:183,18,1,0
BRDA:199,19,0,0
BRDA:199,19,1,0
BRDA:199,20,0,0
BRDA:199,20,1,0
BRDA:199,20,2,0
BRDA:200,21,0,0
BRDA:200,21,1,0
BRDA:203,22,0,0
BRDA:203,22,1,0
BRDA:209,23,0,0
BRDA:209,23,1,0
BRDA:209,24,0,0
BRDA:209,24,1,0
BRDA:219,25,0,0
BRDA:221,26,0,0
BRDA:221,26,1,0
BRDA:227,27,0,0
BRDA:227,27,1,0
BRDA:231,28,0,0
BRDA:231,28,1,0
BRDA:240,29,0,0
BRDA:240,29,1,0
BRDA:248,30,0,0
BRDA:248,30,1,0
BRDA:250,31,0,0
BRDA:250,31,1,0
BRDA:255,32,0,0
BRDA:255,32,1,0
BRDA:255,33,0,0
BRDA:255,33,1,0
BRDA:258,34,0,0
BRDA:258,34,1,0
BRDA:259,35,0,0
BRDA:259,35,1,0
BRDA:259,35,2,0
BRDA:265,36,0,0
BRDA:265,36,1,0
BRDA:271,37,0,0
BRDA:271,37,1,0
BRDA:271,38,0,0
BRDA:271,38,1,0
BRDA:273,39,0,0
BRDA:273,39,1,0
BRDA:296,40,0,0
BRDA:296,40,1,0
BRDA:301,41,0,0
BRDA:301,41,1,0
BRDA:304,42,0,0
BRDA:304,42,1,0
BRDA:305,43,0,0
BRDA:305,43,1,0
BRDA:305,44,0,0
BRDA:305,44,1,0
BRDA:308,45,0,0
BRDA:308,45,1,0
BRDA:311,46,0,0
BRDA:311,46,1,0
BRDA:311,47,0,0
BRDA:311,47,1,0
BRDA:312,48,0,0
BRDA:312,48,1,0
BRDA:315,49,0,0
BRDA:315,49,1,0
BRDA:315,50,0,0
BRDA:315,50,1,0
BRDA:327,51,0,0
BRDA:327,51,1,0
BRDA:327,52,0,0
BRDA:327,52,1,0
BRDA:331,53,0,0
BRDA:331,53,1,0
BRDA:349,54,0,0
BRDA:349,54,1,0
BRDA:351,55,0,0
BRDA:351,55,1,0
BRDA:354,56,0,0
BRDA:354,56,1,0
BRDA:359,57,0,0
BRDA:359,57,1,0
BRDA:359,58,0,0
BRDA:359,58,1,0
BRDA:362,59,0,0
BRDA:362,59,1,0
BRDA:363,60,0,0
BRDA:363,60,1,0
BRDA:363,60,2,0
BRDA:369,61,0,0
BRDA:369,61,1,0
BRDA:375,62,0,0
BRDA:375,62,1,0
BRDA:377,63,0,0
BRDA:377,63,1,0
BRDA:404,64,0,0
BRDA:404,64,1,0
BRDA:410,65,0,0
BRDA:410,65,1,0
BRDA:415,66,0,0
BRDA:415,66,1,0
BRDA:416,67,0,0
BRDA:416,67,1,0
BRDA:416,68,0,0
BRDA:416,68,1,0
BRDA:419,69,0,0
BRDA:419,69,1,0
BRDA:422,70,0,0
BRDA:422,70,1,0
BRDA:424,71,0,0
BRDA:424,71,1,0
BRDA:424,72,0,0
BRDA:424,72,1,0
BRDA:435,73,0,0
BRDA:435,73,1,0
BRDA:464,74,0,0
BRDA:464,74,1,0
BRDA:468,75,0,0
BRDA:468,75,1,0
BRDA:478,76,0,0
BRDA:478,76,1,0
BRDA:478,77,0,0
BRDA:478,77,1,0
BRDA:483,78,0,0
BRDA:483,78,1,0
BRDA:491,79,0,0
BRDA:491,79,1,0
BRDA:494,80,0,0
BRDA:494,80,1,0
BRDA:496,81,0,0
BRDA:499,82,0,0
BRDA:499,82,1,0
BRDA:507,83,0,0
BRDA:507,83,1,0
BRDA:519,84,0,0
BRDA:519,84,1,0
BRDA:519,85,0,0
BRDA:519,85,1,0
BRDA:519,85,2,0
BRDA:522,86,0,0
BRDA:522,86,1,0
BRDA:523,87,0,0
BRDA:523,87,1,0
BRDA:534,88,0,0
BRDA:534,88,1,0
BRDA:535,89,0,0
BRDA:535,89,1,0
BRDA:553,90,0,0
BRDA:553,90,1,0
BRDA:565,91,0,0
BRDA:565,91,1,0
BRDA:568,92,0,0
BRDA:568,92,1,0
BRDA:574,93,0,0
BRDA:574,93,1,0
BRDA:594,94,0,0
BRDA:594,94,1,30
BRDA:600,95,0,0
BRDA:600,95,1,0
BRDA:605,96,0,0
BRDA:605,96,1,30
BRDA:610,97,0,0
BRDA:610,97,1,30
BRDA:616,98,0,0
BRDA:616,98,1,30
BRDA:646,99,0,0
BRDA:646,99,1,30
BRDA:648,100,0,0
BRDA:648,100,1,0
BRDA:651,101,0,0
BRDA:651,101,1,0
BRDA:651,102,0,0
BRDA:651,102,1,0
BRDA:664,103,0,0
BRDA:664,103,1,30
BRDA:667,104,0,0
BRDA:667,104,1,0
BRDA:670,105,0,0
BRDA:670,105,1,0
BRDA:670,106,0,0
BRDA:670,106,1,0
BRDA:686,107,0,30
BRDA:686,107,1,0
BRDA:715,108,0,0
BRDA:715,108,1,0
BRDA:715,109,0,0
BRDA:715,109,1,0
BRDA:743,110,0,0
BRDA:743,110,1,0
BRDA:743,111,0,0
BRDA:743,111,1,0
BRDA:751,112,0,0
BRDA:751,112,1,0
BRDA:751,113,0,0
BRDA:751,113,1,0
BRDA:757,114,0,0
BRDA:757,114,1,0
BRDA:761,115,0,0
BRDA:761,115,1,0
BRDA:769,116,0,0
BRDA:769,116,1,0
BRDA:769,117,0,0
BRDA:769,117,1,0
BRDA:774,118,0,0
BRDA:774,118,1,0
BRDA:775,119,0,0
BRDA:775,119,1,0
BRDA:780,120,0,0
BRDA:780,120,1,0
BRDA:785,121,0,0
BRDA:785,121,1,0
BRDA:786,122,0,0
BRDA:786,122,1,0
BRDA:793,123,0,0
BRDA:793,123,1,0
BRDA:794,124,0,0
BRDA:794,124,1,0
BRDA:803,125,0,0
BRDA:803,125,1,0
BRDA:804,126,0,0
BRDA:804,126,1,0
BRDA:809,127,0,0
BRDA:809,127,1,0
BRDA:811,128,0,0
BRDA:811,128,1,0
BRDA:817,129,0,0
BRDA:817,129,1,0
BRDA:817,130,0,0
BRDA:817,130,1,0
BRDA:817,130,2,0
BRDA:826,131,0,0
BRDA:826,131,1,0
BRDA:827,132,0,0
BRDA:827,132,1,0
BRDA:828,133,0,0
BRDA:828,133,1,0
BRDA:829,134,0,0
BRDA:829,134,1,0
BRDA:830,135,0,0
BRDA:830,135,1,0
BRDA:831,136,0,0
BRDA:831,136,1,0
BRDA:832,137,0,0
BRDA:832,137,1,0
BRDA:834,138,0,0
BRDA:834,138,1,0
BRDA:837,139,0,0
BRDA:837,139,1,0
BRDA:838,140,0,0
BRDA:838,140,1,0
BRDA:839,141,0,0
BRDA:839,141,1,0
BRDA:840,142,0,0
BRDA:840,142,1,0
BRDA:851,143,0,0
BRDA:851,143,1,0
BRDA:862,144,0,0
BRDA:862,144,1,0
BRDA:862,145,0,0
BRDA:862,145,1,0
BRDA:868,146,0,0
BRDA:868,146,1,0
BRDA:872,147,0,0
BRDA:872,147,1,0
BRDA:880,148,0,0
BRDA:880,148,1,0
BRDA:880,149,0,0
BRDA:880,149,1,0
BRDA:884,150,0,0
BRDA:884,150,1,0
BRDA:885,151,0,0
BRDA:885,151,1,0
BRDA:889,152,0,0
BRDA:889,152,1,0
BRDA:889,153,0,0
BRDA:889,153,1,0
BRDA:891,154,0,0
BRDA:891,154,1,0
BRDA:893,155,0,0
BRDA:893,155,1,0
BRDA:893,155,2,0
BRDA:897,156,0,0
BRDA:897,156,1,0
BRDA:898,157,0,0
BRDA:898,157,1,0
BRDA:899,158,0,0
BRDA:899,158,1,0
BRDA:900,159,0,0
BRDA:900,159,1,0
BRDA:901,160,0,0
BRDA:901,160,1,0
BRDA:902,161,0,0
BRDA:902,161,1,0
BRDA:908,162,0,0
BRDA:908,162,1,0
BRDA:908,163,0,0
BRDA:908,163,1,0
BRDA:910,164,0,0
BRDA:910,164,1,0
BRDA:910,164,2,0
BRDA:913,165,0,0
BRDA:913,165,1,0
BRDA:915,166,0,0
BRDA:915,166,1,0
BRDA:916,167,0,0
BRDA:916,167,1,0
BRDA:917,168,0,0
BRDA:917,168,1,0
BRDA:918,169,0,0
BRDA:918,169,1,0
BRDA:923,170,0,0
BRDA:923,170,1,0
BRDA:924,171,0,0
BRDA:924,171,1,0
BRDA:925,172,0,0
BRDA:925,172,1,0
BRDA:926,173,0,0
BRDA:926,173,1,0
BRDA:927,174,0,0
BRDA:927,174,1,0
BRDA:928,175,0,0
BRDA:928,175,1,0
BRDA:934,176,0,0
BRDA:934,176,1,0
BRDA:943,177,0,0
BRDA:943,177,1,0
BRDA:944,178,0,0
BRDA:944,178,1,0
BRDA:944,178,2,0
BRDA:963,179,0,0
BRDA:963,179,1,0
BRDA:963,180,0,0
BRDA:963,180,1,0
BRDA:965,181,0,0
BRDA:965,181,1,0
BRDA:965,182,0,0
BRDA:965,182,1,0
BRDA:969,183,0,0
BRDA:969,183,1,0
BRDA:971,184,0,0
BRDA:971,184,1,0
BRDA:972,185,0,0
BRDA:972,185,1,0
BRDA:972,185,2,0
BRDA:972,185,3,0
BRDA:984,186,0,0
BRDA:984,186,1,0
BRDA:991,187,0,0
BRDA:991,187,1,0
BRDA:991,188,0,0
BRDA:991,188,1,0
BRDA:997,189,0,0
BRDA:997,189,1,0
BRDA:1006,190,0,0
BRDA:1006,190,1,0
BRDA:1006,190,2,0
BRDA:1009,191,0,0
BRDA:1009,191,1,0
BRDA:1014,192,0,0
BRDA:1014,192,1,0
BRDA:1014,193,0,0
BRDA:1014,193,1,0
BRDA:1021,194,0,0
BRDA:1021,194,1,0
BRDA:1023,195,0,0
BRDA:1023,195,1,0
BRDA:1029,196,0,0
BRDA:1029,196,1,0
BRDA:1031,197,0,0
BRDA:1031,197,1,0
BRDA:1034,198,0,0
BRDA:1034,198,1,0
BRDA:1036,199,0,0
BRDA:1036,199,1,0
BRDA:1054,200,0,0
BRDA:1054,200,1,0
BRDA:1054,201,0,0
BRDA:1054,201,1,0
BRDA:1056,202,0,0
BRDA:1056,202,1,0
BRDA:1056,203,0,0
BRDA:1056,203,1,0
BRDA:1060,204,0,0
BRDA:1060,204,1,0
BRDA:1066,205,0,0
BRDA:1066,205,1,0
BRDA:1073,206,0,0
BRDA:1073,206,1,0
BRDA:1073,207,0,0
BRDA:1073,207,1,0
BRDA:1079,208,0,0
BRDA:1079,208,1,0
BRDA:1079,209,0,0
BRDA:1079,209,1,0
BRDA:1083,210,0,0
BRDA:1083,210,1,0
BRDA:1083,211,0,0
BRDA:1083,211,1,0
BRDA:1101,212,0,0
BRDA:1101,212,1,0
BRDA:1101,213,0,0
BRDA:1101,213,1,0
BRDA:1112,214,0,0
BRDA:1112,214,1,0
BRDA:1121,215,0,0
BRDA:1121,215,1,0
BRDA:1124,216,0,0
BRDA:1124,216,1,0
BRDA:1135,217,0,0
BRDA:1135,217,1,0
BRDA:1137,218,0,0
BRDA:1137,218,1,0
BRDA:1144,219,0,0
BRDA:1144,219,1,0
BRDA:1147,220,0,0
BRDA:1147,220,1,0
BRDA:1157,221,0,0
BRDA:1157,221,1,0
BRDA:1162,222,0,0
BRDA:1162,222,1,0
BRDA:1162,223,0,0
BRDA:1162,223,1,0
BRDA:1162,223,2,0
BRDA:1181,224,0,0
BRDA:1181,224,1,0
BRDA:1211,225,0,0
BRDA:1211,225,1,0
BRDA:1217,226,0,0
BRDA:1217,226,1,0
BRDA:1231,227,0,0
BRDA:1231,227,1,0
BRDA:1236,228,0,0
BRDA:1236,228,1,0
BRDA:1237,229,0,0
BRDA:1237,229,1,0
BRDA:1237,229,2,0
BRDA:1237,229,3,0
BRDA:1260,230,0,0
BRDA:1260,230,1,0
BRDA:1270,231,0,0
BRDA:1270,231,1,0
BRDA:1277,232,0,0
BRDA:1277,232,1,0
BRDA:1277,233,0,0
BRDA:1277,233,1,0
BRDA:1288,234,0,0
BRDA:1288,234,1,0
BRDA:1303,235,0,0
BRDA:1303,235,1,0
BRDA:1303,236,0,0
BRDA:1303,236,1,0
BRDA:1311,237,0,0
BRDA:1311,237,1,0
BRDA:1326,238,0,0
BRDA:1326,238,1,0
BRDA:1328,239,0,0
BRDA:1328,239,1,0
BRDA:1328,239,2,0
BRDA:1328,239,3,0
BRDA:1328,239,4,0
BRDA:1336,240,0,0
BRDA:1336,240,1,0
BRDA:1341,241,0,0
BRDA:1341,241,1,0
BRDA:1358,242,0,0
BRDA:1358,242,1,0
BRDA:1360,243,0,0
BRDA:1360,243,1,0
BRDA:1369,244,0,0
BRDA:1369,244,1,0
BRDA:1373,245,0,0
BRDA:1373,245,1,0
BRDA:1374,246,0,0
BRDA:1374,246,1,0
BRDA:1380,247,0,0
BRDA:1380,247,1,0
BRDA:1393,248,0,0
BRDA:1393,248,1,0
BRDA:1405,249,0,0
BRDA:1405,249,1,0
BRDA:1410,250,0,0
BRDA:1410,250,1,0
BRDA:1415,251,0,0
BRDA:1415,251,1,0
BRDA:1421,252,0,0
BRDA:1421,252,1,0
BRDA:1421,253,0,0
BRDA:1421,253,1,0
BRDA:1433,254,0,0
BRDA:1433,254,1,0
BRDA:1450,255,0,0
BRDA:1450,255,1,0
BRDA:1478,256,0,3
BRDA:1478,256,1,37
BRDA:1478,257,0,40
BRDA:1478,257,1,39
BRDA:1478,257,2,38
BRDA:1481,258,0,39
BRDA:1481,258,1,0
BRDA:1490,259,0,0
BRDA:1490,259,1,39
BRDA:1492,260,0,39
BRDA:1492,260,1,14
BRDA:1492,260,2,13
BRDA:1493,261,0,0
BRDA:1493,261,1,39
BRDA:1495,262,0,39
BRDA:1495,262,1,0
BRDA:1495,262,2,0
BRDA:1504,263,0,0
BRDA:1506,264,0,10
BRDA:1506,264,1,27
BRDA:1506,265,0,37
BRDA:1506,265,1,10
BRDA:1511,266,0,0
BRDA:1511,266,1,27
BRDA:1511,267,0,27
BRDA:1511,267,1,0
BRDA:1516,268,0,27
BRDA:1516,268,1,0
BRDA:1516,269,0,27
BRDA:1516,269,1,27
BRDA:1527,270,0,0
BRDA:1527,270,1,27
BRDA:1527,271,0,27
BRDA:1527,271,1,27
BRDA:1532,272,0,0
BRDA:1532,272,1,27
BRDA:1536,273,0,0
BRDA:1536,273,1,27
BRDA:1536,274,0,27
BRDA:1536,274,1,27
BRDA:1541,275,0,4
BRDA:1541,275,1,23
BRDA:1544,276,0,4
BRDA:1544,276,1,23
BRDA:1547,277,0,4
BRDA:1547,277,1,23
BRDA:1553,278,0,29
BRDA:1553,278,1,0
BRDA:1557,279,0,0
BRDA:1557,279,1,29
BRDA:1565,280,0,0
BRDA:1565,280,1,0
BRDA:1568,281,0,0
BRDA:1568,281,1,0
BRDA:1571,282,0,0
BRDA:1571,282,1,0
BRDA:1574,283,0,0
BRDA:1574,283,1,0
BRDA:1577,284,0,0
BRDA:1577,284,1,0
BRDA:1580,285,0,0
BRDA:1580,285,1,0
BRDA:1584,286,0,0
BRDA:1584,286,1,0
BRDA:1590,287,0,0
BRDA:1590,287,1,0
BRDA:1612,288,0,0
BRDA:1612,288,1,29
BRDA:1612,289,0,29
BRDA:1612,289,1,29
BRDA:1617,290,0,29
BRDA:1617,290,1,0
BRDA:1617,290,2,0
BRDA:1627,291,0,0
BRDA:1627,291,1,29
BRDA:1633,292,0,29
BRDA:1633,292,1,0
BRDA:1656,293,0,0
BRDA:1656,293,1,0
BRDA:1663,294,0,0
BRDA:1663,294,1,0
BRDA:1666,295,0,0
BRDA:1666,295,1,0
BRDA:1670,296,0,0
BRDA:1670,296,1,0
BRDA:1680,297,0,0
BRDA:1680,297,1,0
BRDA:1680,298,0,0
BRDA:1680,298,1,0
BRDA:1685,299,0,0
BRDA:1685,299,1,0
BRDA:1692,300,0,0
BRDA:1692,300,1,0
BRDA:1694,301,0,0
BRDA:1694,301,1,0
BRDA:1694,301,2,0
BRDA:1694,301,3,0
BRDA:1697,302,0,0
BRDA:1697,302,1,0
BRDA:1697,302,2,0
BRDA:1697,302,3,0
BRDA:1698,303,0,0
BRDA:1698,303,1,0
BRDA:1702,304,0,0
BRDA:1702,304,1,0
BRDA:1703,305,0,0
BRDA:1703,305,1,0
BRDA:1709,306,0,0
BRDA:1709,306,1,0
BRDA:1710,307,0,0
BRDA:1710,307,1,0
BRDA:1727,308,0,0
BRDA:1727,308,1,0
BRDA:1727,309,0,0
BRDA:1727,309,1,0
BRDA:1738,310,0,0
BRDA:1738,310,1,0
BRDA:1739,311,0,0
BRDA:1739,311,1,0
BRDA:1740,312,0,0
BRDA:1740,312,1,0
BRDA:1745,313,0,0
BRDA:1745,313,1,0
BRDA:1745,314,0,0
BRDA:1745,314,1,0
BRDA:1754,315,0,0
BRDA:1754,315,1,0
BRDA:1757,316,0,0
BRDA:1757,316,1,0
BRDA:1757,317,0,0
BRDA:1757,317,1,0
BRDA:1772,318,0,0
BRDA:1772,318,1,0
BRDA:1778,319,0,0
BRDA:1778,319,1,0
BRDA:1795,320,0,0
BRDA:1795,320,1,0
BRDA:1795,321,0,0
BRDA:1795,321,1,0
BRDA:1798,322,0,0
BRDA:1798,322,1,0
BRDA:1798,323,0,0
BRDA:1798,323,1,0
BRDA:1803,324,0,0
BRDA:1803,324,1,0
BRDA:1804,325,0,0
BRDA:1804,325,1,0
BRDA:1804,325,2,0
BRDA:1804,325,3,0
BRDA:1820,326,0,0
BRDA:1820,326,1,0
BRDA:1826,327,0,0
BRDA:1826,327,1,0
BRDA:1827,328,0,0
BRDA:1827,328,1,0
BRDA:1827,328,2,0
BRDA:1827,328,3,0
BRDA:1836,329,0,0
BRDA:1836,329,1,0
BRDA:1850,330,0,0
BRDA:1850,330,1,0
BRDA:1850,331,0,0
BRDA:1850,331,1,0
BRDA:1868,332,0,0
BRDA:1868,332,1,0
BRDA:1900,333,0,0
BRDA:1900,333,1,0
BRDA:1916,334,0,0
BRDA:1916,334,1,0
BRDA:1921,335,0,0
BRDA:1921,335,1,0
BRDA:1924,336,0,0
BRDA:1924,336,1,0
BRDA:1924,337,0,0
BRDA:1924,337,1,0
BRDA:1938,338,0,0
BRDA:1938,338,1,0
BRDA:1938,339,0,0
BRDA:1938,339,1,0
BRDA:1958,340,0,0
BRDA:1958,340,1,0
BRDA:1963,341,0,0
BRDA:1963,341,1,0
BRDA:1968,342,0,0
BRDA:1968,342,1,0
BRDA:1968,343,0,0
BRDA:1968,343,1,0
BRDA:1975,344,0,0
BRDA:1975,344,1,0
BRDA:1975,345,0,0
BRDA:1975,345,1,0
BRDA:1981,346,0,0
BRDA:1981,346,1,0
BRDA:1997,347,0,0
BRDA:1997,347,1,0
BRDA:1997,348,0,0
BRDA:1997,348,1,0
BRDA:1997,348,2,0
BRDA:1997,348,3,0
BRDA:2000,349,0,0
BRDA:2000,349,1,0
BRDA:2009,350,0,0
BRDA:2009,350,1,0
BRDA:2009,351,0,0
BRDA:2009,351,1,0
BRDA:2010,352,0,0
BRDA:2010,352,1,0
BRDA:2029,353,0,0
BRDA:2029,353,1,0
BRDA:2029,354,0,0
BRDA:2029,354,1,0
BRDA:2031,355,0,0
BRDA:2031,355,1,0
BRDA:2058,356,0,0
BRDA:2058,356,1,0
BRDA:2058,357,0,0
BRDA:2058,357,1,0
BRDA:2059,358,0,0
BRDA:2059,358,1,0
BRDA:2062,359,0,0
BRDA:2062,359,1,0
BRDA:2065,360,0,0
BRDA:2065,360,1,0
BRDA:2074,361,0,0
BRDA:2074,361,1,0
BRDA:2074,362,0,0
BRDA:2074,362,1,0
BRDA:2090,363,0,0
BRDA:2090,363,1,0
BRDA:2091,364,0,0
BRDA:2091,364,1,0
BRDA:2095,365,0,0
BRDA:2095,365,1,0
BRDA:2095,366,0,0
BRDA:2095,366,1,0
BRDA:2110,367,0,0
BRDA:2110,367,1,0
BRDA:2110,368,0,0
BRDA:2110,368,1,0
BRDA:2129,369,0,0
BRDA:2129,369,1,0
BRDA:2143,370,0,0
BRDA:2143,370,1,0
BRDA:2146,371,0,0
BRDA:2146,371,1,0
BRDA:2160,372,0,0
BRDA:2160,372,1,0
BRDA:2163,373,0,0
BRDA:2163,373,1,0
BRDA:2163,374,0,0
BRDA:2163,374,1,0
BRDA:2168,375,0,0
BRDA:2168,375,1,0
BRDA:2171,376,0,0
BRDA:2171,376,1,0
BRDA:2172,377,0,0
BRDA:2172,377,1,0
BRDA:2192,378,0,0
BRDA:2192,378,1,5
BRDA:2243,379,0,37
BRDA:2243,379,1,3
BRDA:2243,380,0,40
BRDA:2243,380,1,39
BRDA:2243,380,2,38
BRDA:2258,381,0,3
BRDA:2258,381,1,37
BRDA:2258,382,0,40
BRDA:2258,382,1,39
BRDA:2258,382,2,38
BRDA:2263,383,0,39
BRDA:2263,383,1,0
BRDA:2268,384,0,39
BRDA:2268,384,1,39
BRDA:2268,384,2,39
BRDA:2269,385,0,39
BRDA:2269,385,1,0
BRDA:2276,386,0,39
BRDA:2276,386,1,39
BRDA:2276,386,2,39
BRDA:2276,387,0,0
BRDA:2276,387,1,39
BRDA:2278,388,0,39
BRDA:2278,388,1,39
BRDA:2278,388,2,39
BRDA:2278,389,0,0
BRDA:2278,389,1,39
BRDA:2279,390,0,39
BRDA:2279,390,1,39
BRDA:2280,391,0,39
BRDA:2280,391,1,39
BRDA:2293,392,0,3
BRDA:2293,392,1,37
BRDA:2293,393,0,40
BRDA:2293,393,1,39
BRDA:2293,393,2,38
BRF:819
BRH:84
end_of_record
TN:
SF:src/index.tsx
FN:9,(anonymous_0)
FN:21,(anonymous_1)
FN:32,(anonymous_2)
FN:104,(anonymous_3)
FN:114,(anonymous_4)
FN:131,(anonymous_5)
FN:141,(anonymous_6)
FN:151,(anonymous_7)
FN:160,(anonymous_8)
FN:185,(anonymous_9)
FN:193,(anonymous_10)
FN:194,(anonymous_11)
FN:200,(anonymous_12)
FN:206,(anonymous_13)
FN:212,(anonymous_14)
FN:236,(anonymous_15)
FN:247,(anonymous_16)
FN:250,(anonymous_17)
FNF:18
FNH:15
FNDA:15,(anonymous_0)
FNDA:17,(anonymous_1)
FNDA:14,(anonymous_2)
FNDA:0,(anonymous_3)
FNDA:22,(anonymous_4)
FNDA:0,(anonymous_5)
FNDA:15,(anonymous_6)
FNDA:4,(anonymous_7)
FNDA:4,(anonymous_8)
FNDA:14,(anonymous_9)
FNDA:15,(anonymous_10)
FNDA:4,(anonymous_11)
FNDA:15,(anonymous_12)
FNDA:15,(anonymous_13)
FNDA:15,(anonymous_14)
FNDA:15,(anonymous_15)
FNDA:15,(anonymous_16)
FNDA:0,(anonymous_17)
DA:9,1
DA:10,15
DA:11,15
DA:12,15
DA:13,15
DA:14,15
DA:15,15
DA:16,15
DA:17,15
DA:18,15
DA:19,15
DA:21,15
DA:22,17
DA:24,17
DA:25,17
DA:26,17
DA:32,15
DA:33,14
DA:39,14
DA:43,0
DA:45,0
DA:47,0
DA:48,0
DA:49,0
DA:51,0
DA:52,0
DA:56,0
DA:57,0
DA:58,0
DA:59,0
DA:64,0
DA:65,0
DA:66,0
DA:71,0
DA:72,0
DA:73,0
DA:78,0
DA:81,0
DA:84,0
DA:87,0
DA:91,0
DA:92,0
DA:95,0
DA:96,0
DA:97,0
DA:104,0
DA:105,0
DA:106,0
DA:107,0
DA:114,15
DA:116,22
DA:117,0
DA:120,22
DA:121,22
DA:124,0
DA:127,22
DA:128,8
DA:131,22
DA:133,0
DA:134,0
DA:135,0
DA:141,15
DA:142,15
DA:145,14
DA:148,14
DA:153,4
DA:154,0
DA:158,4
DA:160,4
DA:161,4
DA:162,4
DA:165,4
DA:166,4
DA:167,4
DA:171,4
DA:176,4
DA:185,14
DA:186,14
DA:187,14
DA:193,15
DA:194,15
DA:195,4
DA:198,15
DA:200,15
DA:201,15
DA:206,15
DA:207,15
DA:210,15
DA:212,15
DA:213,15
DA:214,15
DA:217,15
DA:218,15
DA:219,15
DA:220,15
DA:223,15
DA:224,15
DA:228,15
DA:229,14
DA:230,14
DA:236,15
DA:237,15
DA:239,14
DA:240,14
DA:241,14
DA:247,15
DA:248,15
DA:250,14
DA:251,0
DA:252,0
DA:258,15
DA:259,1
DA:262,14
DA:265,14
DA:266,14
DA:268,14
DA:283,1
LF:117
LH:79
BRDA:24,0,0,17
BRDA:24,0,1,0
BRDA:24,1,0,17
BRDA:24,1,1,17
BRDA:33,2,0,14
BRDA:33,2,1,0
BRDA:34,3,0,14
BRDA:34,3,1,14
BRDA:34,3,2,14
BRDA:34,3,3,0
BRDA:49,4,0,0
BRDA:49,4,1,0
BRDA:49,4,2,0
BRDA:56,5,0,0
BRDA:56,5,1,0
BRDA:59,6,0,0
BRDA:59,6,1,0
BRDA:64,7,0,0
BRDA:64,7,1,0
BRDA:71,8,0,0
BRDA:71,8,1,0
BRDA:87,9,0,0
BRDA:87,9,1,0
BRDA:87,10,0,0
BRDA:87,10,1,0
BRDA:95,11,0,0
BRDA:95,11,1,0
BRDA:95,12,0,0
BRDA:95,12,1,0
BRDA:95,12,2,0
BRDA:106,13,0,0
BRDA:106,13,1,0
BRDA:116,14,0,0
BRDA:116,14,1,22
BRDA:116,15,0,22
BRDA:116,15,1,22
BRDA:121,16,0,0
BRDA:121,16,1,22
BRDA:127,17,0,8
BRDA:127,17,1,14
BRDA:133,18,0,0
BRDA:133,18,1,0
BRDA:133,19,0,0
BRDA:133,19,1,0
BRDA:142,20,0,1
BRDA:142,20,1,14
BRDA:153,21,0,0
BRDA:153,21,1,4
BRDA:153,22,0,4
BRDA:153,22,1,4
BRDA:158,23,0,0
BRDA:158,23,1,4
BRDA:161,24,0,4
BRDA:161,24,1,0
BRDA:165,25,0,4
BRDA:165,25,1,0
BRDA:165,26,0,4
BRDA:165,26,1,4
BRDA:171,27,0,4
BRDA:171,27,1,0
BRDA:172,28,0,4
BRDA:172,28,1,4
BRDA:172,28,2,4
BRDA:186,29,0,14
BRDA:186,29,1,0
BRDA:223,30,0,15
BRDA:223,30,1,0
BRDA:228,31,0,14
BRDA:228,31,1,1
BRDA:237,32,0,14
BRDA:237,32,1,1
BRDA:237,33,0,15
BRDA:237,33,1,14
BRDA:237,33,2,14
BRDA:239,34,0,14
BRDA:239,34,1,0
BRDA:240,35,0,14
BRDA:240,35,1,0
BRDA:248,36,0,14
BRDA:248,36,1,1
BRDA:248,37,0,15
BRDA:248,37,1,14
BRDA:248,37,2,14
BRDA:251,38,0,0
BRDA:251,38,1,0
BRDA:258,39,0,1
BRDA:258,39,1,14
BRDA:265,40,0,14
BRDA:265,40,1,0
BRDA:265,40,2,0
BRDA:266,41,0,14
BRDA:266,41,1,13
BRDA:266,41,2,13
BRF:93
BRH:49
end_of_record
TN:
SF:src/types.ts
FNF:0
FNH:0
LF:0
LH:0
BRF:0
BRH:0
end_of_record
TN:
SF:src/components/ButtonPanelComponent.tsx
FN:71,(anonymous_0)
FN:95,(anonymous_1)
FN:121,(anonymous_2)
FN:122,(anonymous_3)
FN:123,(anonymous_4)
FN:144,(anonymous_5)
FN:145,(anonymous_6)
FN:146,(anonymous_7)
FNF:8
FNH:0
FNDA:0,(anonymous_0)
FNDA:0,(anonymous_1)
FNDA:0,(anonymous_2)
FNDA:0,(anonymous_3)
FNDA:0,(anonymous_4)
FNDA:0,(anonymous_5)
FNDA:0,(anonymous_6)
FNDA:0,(anonymous_7)
DA:71,4
DA:79,0
DA:81,0
DA:82,0
DA:83,0
DA:84,0
DA:85,0
DA:86,0
DA:88,0
DA:95,0
DA:96,0
DA:97,0
DA:115,0
DA:121,0
DA:122,0
DA:124,0
DA:125,0
DA:126,0
DA:144,0
DA:145,0
DA:147,0
DA:148,0
DA:149,0
LF:23
LH:1
BRDA:76,0,0,0
BRDA:81,1,0,0
BRDA:81,1,1,0
BRDA:82,2,0,0
BRDA:82,2,1,0
BRDA:83,3,0,0
BRDA:83,3,1,0
BRDA:84,4,0,0
BRDA:84,4,1,0
BRDA:85,5,0,0
BRDA:85,5,1,0
BRDA:86,6,0,0
BRDA:86,6,1,0
BRDA:100,7,0,0
BRDA:100,7,1,0
BRDA:101,8,0,0
BRDA:101,8,1,0
BRDA:109,9,0,0
BRDA:109,9,1,0
BRDA:140,10,0,0
BRDA:140,10,1,0
BRDA:151,11,0,0
BRDA:151,11,1,0
BRDA:153,12,0,0
BRDA:153,12,1,0
BRF:25
BRH:0
end_of_record
TN:
SF:src/components/ChartSeriesManager.tsx
FN:25,(anonymous_0)
FN:40,(anonymous_1)
FN:73,(anonymous_2)
FN:79,(anonymous_3)
FN:87,(anonymous_4)
FN:118,(anonymous_5)
FN:126,(anonymous_6)
FN:145,(anonymous_7)
FN:146,(anonymous_8)
FN:166,(anonymous_9)
FN:175,(anonymous_10)
FN:209,(anonymous_11)
FN:226,(anonymous_12)
FN:232,(anonymous_13)
FNF:14
FNH:0
FNDA:0,(anonymous_0)
FNDA:0,(anonymous_1)
FNDA:0,(anonymous_2)
FNDA:0,(anonymous_3)
FNDA:0,(anonymous_4)
FNDA:0,(anonymous_5)
FNDA:0,(anonymous_6)
FNDA:0,(anonymous_7)
FNDA:0,(anonymous_8)
FNDA:0,(anonymous_9)
FNDA:0,(anonymous_10)
FNDA:0,(anonymous_11)
FNDA:0,(anonymous_12)
FNDA:0,(anonymous_13)
DA:25,0
DA:33,0
DA:34,0
DA:39,0
DA:41,0
DA:43,0
DA:45,0
DA:52,0
DA:54,0
DA:55,0
DA:56,0
DA:57,0
DA:58,0
DA:61,0
DA:64,0
DA:72,0
DA:74,0
DA:76,0
DA:77,0
DA:78,0
DA:81,0
DA:88,0
DA:89,0
DA:105,0
DA:106,0
DA:109,0
DA:118,0
DA:119,0
DA:122,0
DA:123,0
DA:126,0
DA:127,0
DA:129,0
DA:131,0
DA:134,0
DA:135,0
DA:136,0
DA:145,0
DA:146,0
DA:147,0
DA:148,0
DA:150,0
DA:151,0
DA:152,0
DA:154,0
DA:166,0
DA:167,0
DA:168,0
DA:170,0
DA:174,0
DA:176,0
DA:177,0
DA:179,0
DA:180,0
DA:182,0
DA:183,0
DA:185,0
DA:186,0
DA:187,0
DA:188,0
DA:189,0
DA:192,0
DA:193,0
DA:194,0
DA:195,0
DA:196,0
DA:201,0
DA:209,0
DA:210,0
DA:212,0
DA:213,0
DA:214,0
DA:218,0
DA:219,0
DA:221,0
DA:226,0
DA:227,0
DA:228,0
DA:232,0
DA:233,0
DA:239,0
LF:81
LH:0
BRDA:29,0,0,0
BRDA:41,1,0,0
BRDA:41,1,1,0
BRDA:47,2,0,0
BRDA:47,2,1,0
BRDA:47,3,0,0
BRDA:47,3,1,0
BRDA:54,4,0,0
BRDA:54,4,1,0
BRDA:74,5,0,0
BRDA:74,5,1,0
BRDA:74,6,0,0
BRDA:74,6,1,0
BRDA:77,7,0,0
BRDA:77,7,1,0
BRDA:82,8,0,0
BRDA:82,8,1,0
BRDA:82,8,2,0
BRDA:90,9,0,0
BRDA:90,9,1,0
BRDA:92,10,0,0
BRDA:92,10,1,0
BRDA:92,11,0,0
BRDA:92,11,1,0
BRDA:95,12,0,0
BRDA:95,12,1,0
BRDA:95,13,0,0
BRDA:95,13,1,0
BRDA:97,14,0,0
BRDA:97,14,1,0
BRDA:97,15,0,0
BRDA:97,15,1,0
BRDA:100,16,0,0
BRDA:100,16,1,0
BRDA:100,17,0,0
BRDA:100,17,1,0
BRDA:105,18,0,0
BRDA:105,18,1,0
BRDA:119,19,0,0
BRDA:119,19,1,0
BRDA:119,20,0,0
BRDA:119,20,1,0
BRDA:119,20,2,0
BRDA:129,21,0,0
BRDA:129,21,1,0
BRDA:134,22,0,0
BRDA:134,22,1,0
BRDA:150,23,0,0
BRDA:150,23,1,0
BRDA:150,24,0,0
BRDA:150,24,1,0
BRDA:167,25,0,0
BRDA:167,25,1,0
BRDA:168,26,0,0
BRDA:168,26,1,0
BRDA:177,27,0,0
BRDA:177,27,1,0
BRDA:177,28,0,0
BRDA:177,28,1,0
BRDA:183,29,0,0
BRDA:183,29,1,0
BRDA:186,30,0,0
BRDA:186,30,1,0
BRDA:187,31,0,0
BRDA:187,31,1,0
BRDA:188,32,0,0
BRDA:188,32,1,0
BRDA:192,33,0,0
BRDA:192,33,1,0
BRDA:194,34,0,0
BRDA:194,34,1,0
BRDA:213,35,0,0
BRDA:213,35,1,0
BRDA:213,36,0,0
BRDA:213,36,1,0
BRF:75
BRH:0
end_of_record
TN:
SF:src/components/ChartSyncManager.tsx
FN:21,(anonymous_0)
FN:37,(anonymous_1)
FN:44,(anonymous_2)
FN:58,(anonymous_3)
FN:74,(anonymous_4)
FN:96,(anonymous_5)
FN:104,(anonymous_6)
FN:111,(anonymous_7)
FN:128,(anonymous_8)
FN:144,(anonymous_9)
FN:166,(anonymous_10)
FN:174,(anonymous_11)
FN:177,(anonymous_12)
FN:194,(anonymous_13)
FN:200,(anonymous_14)
FN:220,(anonymous_15)
FN:221,(anonymous_16)
FNF:17
FNH:0
FNDA:0,(anonymous_0)
FNDA:0,(anonymous_1)
FNDA:0,(anonymous_2)
FNDA:0,(anonymous_3)
FNDA:0,(anonymous_4)
FNDA:0,(anonymous_5)
FNDA:0,(anonymous_6)
FNDA:0,(anonymous_7)
FNDA:0,(anonymous_8)
FNDA:0,(anonymous_9)
FNDA:0,(anonymous_10)
FNDA:0,(anonymous_11)
FNDA:0,(anonymous_12)
FNDA:0,(anonymous_13)
FNDA:0,(anonymous_14)
FNDA:0,(anonymous_15)
FNDA:0,(anonymous_16)
DA:21,0
DA:27,0
DA:37,0
DA:38,0
DA:40,0
DA:43,0
DA:44,0
DA:45,0
DA:46,0
DA:47,0
DA:48,0
DA:49,0
DA:50,0
DA:51,0
DA:53,0
DA:55,0
DA:56,0
DA:57,0
DA:58,0
DA:59,0
DA:69,0
DA:70,0
DA:74,0
DA:75,0
DA:76,0
DA:80,0
DA:86,0
DA:87,0
DA:88,0
DA:94,0
DA:96,0
DA:97,0
DA:104,0
DA:105,0
DA:107,0
DA:110,0
DA:111,0
DA:112,0
DA:113,0
DA:114,0
DA:115,0
DA:116,0
DA:117,0
DA:121,0
DA:123,0
DA:125,0
DA:126,0
DA:127,0
DA:128,0
DA:129,0
DA:139,0
DA:140,0
DA:144,0
DA:145,0
DA:146,0
DA:149,0
DA:150,0
DA:151,0
DA:157,0
DA:158,0
DA:164,0
DA:166,0
DA:167,0
DA:174,0
DA:175,0
DA:177,0
DA:178,0
DA:184,0
DA:185,0
DA:186,0
DA:192,0
DA:194,0
DA:195,0
DA:200,0
DA:201,0
DA:203,0
DA:205,0
DA:206,0
DA:207,0
DA:210,0
DA:211,0
DA:212,0
DA:215,0
DA:216,0
DA:217,0
DA:220,0
DA:221,0
DA:226,0
LF:88
LH:0
BRDA:38,0,0,0
BRDA:38,0,1,0
BRDA:38,1,0,0
BRDA:38,1,1,0
BRDA:43,2,0,0
BRDA:43,2,1,0
BRDA:45,3,0,0
BRDA:45,3,1,0
BRDA:45,4,0,0
BRDA:45,4,1,0
BRDA:48,5,0,0
BRDA:48,5,1,0
BRDA:50,6,0,0
BRDA:50,6,1,0
BRDA:55,7,0,0
BRDA:55,7,1,0
BRDA:57,8,0,0
BRDA:57,8,1,0
BRDA:75,9,0,0
BRDA:75,9,1,0
BRDA:105,10,0,0
BRDA:105,10,1,0
BRDA:105,11,0,0
BRDA:105,11,1,0
BRDA:110,12,0,0
BRDA:110,12,1,0
BRDA:112,13,0,0
BRDA:112,13,1,0
BRDA:112,14,0,0
BRDA:112,14,1,0
BRDA:115,15,0,0
BRDA:115,15,1,0
BRDA:117,16,0,0
BRDA:117,16,1,0
BRDA:125,17,0,0
BRDA:125,17,1,0
BRDA:145,18,0,0
BRDA:145,18,1,0
BRDA:175,19,0,0
BRDA:175,19,1,0
BRDA:175,20,0,0
BRDA:175,20,1,0
BRDA:201,21,0,0
BRDA:201,21,1,0
BRDA:201,22,0,0
BRDA:201,22,1,0
BRDA:205,23,0,0
BRDA:205,23,1,0
BRDA:207,24,0,0
BRDA:207,24,1,0
BRDA:210,25,0,0
BRDA:210,25,1,0
BRDA:212,26,0,0
BRDA:212,26,1,0
BRDA:215,27,0,0
BRDA:215,27,1,0
BRDA:217,28,0,0
BRDA:217,28,1,0
BRF:58
BRH:0
end_of_record
TN:
SF:src/components/ErrorBoundary.tsx
FN:15,(anonymous_0)
FN:20,(anonymous_1)
FN:24,(anonymous_2)
FN:30,(anonymous_3)
FN:51,(anonymous_4)
FN:73,useErrorHandler
FN:76,(anonymous_6)
FN:80,(anonymous_7)
FNF:8
FNH:4
FNDA:60,(anonymous_0)
FNDA:25,(anonymous_1)
FNDA:13,(anonymous_2)
FNDA:108,(anonymous_3)
FNDA:0,(anonymous_4)
FNDA:0,useErrorHandler
FNDA:0,(anonymous_6)
FNDA:0,(anonymous_7)
DA:16,60
DA:17,58
DA:21,25
DA:25,13
DA:26,0
DA:31,108
DA:32,36
DA:33,2
DA:36,34
DA:51,0
DA:68,72
DA:74,0
DA:76,0
DA:77,0
DA:80,0
DA:81,0
DA:84,0
LF:17
LH:9
BRDA:25,0,0,0
BRDA:25,0,1,13
BRDA:31,1,0,36
BRDA:31,1,1,72
BRDA:32,2,0,2
BRDA:32,2,1,34
BRF:6
BRH:5
end_of_record
TN:
SF:src/components/SeriesConfigDialog.tsx
FN:95,(anonymous_0)
FN:100,(anonymous_1)
FN:115,(anonymous_2)
FN:125,(anonymous_3)
FN:127,(anonymous_4)
FN:141,(anonymous_5)
FN:144,(anonymous_6)
FN:152,(anonymous_7)
FN:154,(anonymous_8)
FN:160,(anonymous_9)
FN:163,(anonymous_10)
FN:170,(anonymous_11)
FN:179,(anonymous_12)
FN:186,(anonymous_13)
FN:211,(anonymous_14)
FN:261,(anonymous_15)
FN:264,(anonymous_16)
FN:284,(anonymous_17)
FN:288,(anonymous_18)
FN:304,(anonymous_19)
FN:309,(anonymous_20)
FN:363,(anonymous_21)
FN:366,(anonymous_22)
FN:386,(anonymous_23)
FN:389,(anonymous_24)
FN:408,(anonymous_25)
FN:411,(anonymous_26)
FN:429,(anonymous_27)
FN:468,(anonymous_28)
FN:476,(anonymous_29)
FN:491,(anonymous_30)
FN:520,(anonymous_31)
FN:553,(anonymous_32)
FN:561,(anonymous_33)
FN:567,(anonymous_34)
FN:587,(anonymous_35)
FN:590,(anonymous_36)
FN:622,(anonymous_37)
FN:667,(anonymous_38)
FN:678,(anonymous_39)
FN:689,(anonymous_40)
FN:713,(anonymous_41)
FN:820,(anonymous_42)
FN:825,(anonymous_43)
FN:827,(anonymous_44)
FN:832,(anonymous_45)
FN:845,(anonymous_46)
FN:859,(anonymous_47)
FN:869,(anonymous_48)
FN:878,getDefaultConfig
FN:924,renderSeriesSpecificStyles
FN:937,(anonymous_51)
FN:948,(anonymous_52)
FN:976,(anonymous_53)
FN:987,(anonymous_54)
FN:1020,(anonymous_55)
FN:1023,(anonymous_56)
FN:1049,(anonymous_57)
FN:1060,(anonymous_58)
FN:1072,(anonymous_59)
FN:1083,(anonymous_60)
FN:1102,(anonymous_61)
FN:1110,(anonymous_62)
FN:1124,(anonymous_63)
FN:1132,(anonymous_64)
FN:1146,(anonymous_65)
FN:1154,(anonymous_66)
FN:1162,(anonymous_67)
FNF:68
FNH:0
FNDA:0,(anonymous_0)
FNDA:0,(anonymous_1)
FNDA:0,(anonymous_2)
FNDA:0,(anonymous_3)
FNDA:0,(anonymous_4)
FNDA:0,(anonymous_5)
FNDA:0,(anonymous_6)
FNDA:0,(anonymous_7)
FNDA:0,(anonymous_8)
FNDA:0,(anonymous_9)
FNDA:0,(anonymous_10)
FNDA:0,(anonymous_11)
FNDA:0,(anonymous_12)
FNDA:0,(anonymous_13)
FNDA:0,(anonymous_14)
FNDA:0,(anonymous_15)
FNDA:0,(anonymous_16)
FNDA:0,(anonymous_17)
FNDA:0,(anonymous_18)
FNDA:0,(anonymous_19)
FNDA:0,(anonymous_20)
FNDA:0,(anonymous_21)
FNDA:0,(anonymous_22)
FNDA:0,(anonymous_23)
FNDA:0,(anonymous_24)
FNDA:0,(anonymous_25)
FNDA:0,(anonymous_26)
FNDA:0,(anonymous_27)
FNDA:0,(anonymous_28)
FNDA:0,(anonymous_29)
FNDA:0,(anonymous_30)
FNDA:0,(anonymous_31)
FNDA:0,(anonymous_32)
FNDA:0,(anonymous_33)
FNDA:0,(anonymous_34)
FNDA:0,(anonymous_35)
FNDA:0,(anonymous_36)
FNDA:0,(anonymous_37)
FNDA:0,(anonymous_38)
FNDA:0,(anonymous_39)
FNDA:0,(anonymous_40)
FNDA:0,(anonymous_41)
FNDA:0,(anonymous_42)
FNDA:0,(anonymous_43)
FNDA:0,(anonymous_44)
FNDA:0,(anonymous_45)
FNDA:0,(anonymous_46)
FNDA:0,(anonymous_47)
FNDA:0,(anonymous_48)
FNDA:0,getDefaultConfig
FNDA:0,renderSeriesSpecificStyles
FNDA:0,(anonymous_51)
FNDA:0,(anonymous_52)
FNDA:0,(anonymous_53)
FNDA:0,(anonymous_54)
FNDA:0,(anonymous_55)
FNDA:0,(anonymous_56)
FNDA:0,(anonymous_57)
FNDA:0,(anonymous_58)
FNDA:0,(anonymous_59)
FNDA:0,(anonymous_60)
FNDA:0,(anonymous_61)
FNDA:0,(anonymous_62)
FNDA:0,(anonymous_63)
FNDA:0,(anonymous_64)
FNDA:0,(anonymous_65)
FNDA:0,(anonymous_66)
FNDA:0,(anonymous_67)
DA:95,4
DA:96,0
DA:99,0
DA:101,0
DA:114,0
DA:115,0
DA:118,0
DA:121,0
DA:122,0
DA:125,0
DA:126,0
DA:127,0
DA:128,0
DA:130,0
DA:133,0
DA:134,0
DA:138,0
DA:141,0
DA:142,0
DA:144,0
DA:145,0
DA:146,0
DA:147,0
DA:148,0
DA:149,0
DA:152,0
DA:154,0
DA:155,0
DA:157,0
DA:160,0
DA:162,0
DA:163,0
DA:164,0
DA:166,0
DA:167,0
DA:170,0
DA:171,0
DA:172,0
DA:173,0
DA:174,0
DA:175,0
DA:179,0
DA:180,0
DA:181,0
DA:183,0
DA:186,0
DA:187,0
DA:188,0
DA:192,0
DA:211,0
DA:262,0
DA:265,0
DA:285,0
DA:288,0
DA:305,0
DA:306,0
DA:310,0
DA:311,0
DA:364,0
DA:367,0
DA:387,0
DA:390,0
DA:409,0
DA:412,0
DA:429,4
DA:430,0
DA:468,0
DA:476,0
DA:491,4
DA:492,0
DA:520,0
DA:553,4
DA:559,0
DA:561,0
DA:562,0
DA:563,0
DA:564,0
DA:567,0
DA:568,0
DA:569,0
DA:572,0
DA:588,0
DA:591,0
DA:622,0
DA:668,0
DA:679,0
DA:680,0
DA:681,0
DA:690,0
DA:691,0
DA:692,0
DA:713,4
DA:714,0
DA:716,0
DA:815,0
DA:820,0
DA:826,0
DA:828,0
DA:833,0
DA:834,0
DA:845,0
DA:859,4
DA:860,0
DA:869,0
DA:879,0
DA:893,0
DA:895,0
DA:903,0
DA:913,0
DA:920,0
DA:929,0
DA:931,0
DA:938,0
DA:949,0
DA:977,0
DA:988,0
DA:1020,0
DA:1050,0
DA:1061,0
DA:1073,0
DA:1084,0
DA:1094,0
DA:1103,0
DA:1111,0
DA:1125,0
DA:1133,0
DA:1147,0
DA:1155,0
DA:1163,0
DA:1174,0
LF:130
LH:6
BRDA:101,0,0,0
BRDA:101,0,1,0
BRDA:114,1,0,0
BRDA:114,1,1,0
BRDA:133,2,0,0
BRDA:133,2,1,0
BRDA:133,3,0,0
BRDA:133,3,1,0
BRDA:138,4,0,0
BRDA:138,4,1,0
BRDA:142,5,0,0
BRDA:142,5,1,0
BRDA:145,6,0,0
BRDA:145,6,1,0
BRDA:171,7,0,0
BRDA:171,7,1,0
BRDA:180,8,0,0
BRDA:180,8,1,0
BRDA:180,9,0,0
BRDA:180,9,1,0
BRDA:187,10,0,0
BRDA:187,10,1,0
BRDA:287,11,0,0
BRDA:287,11,1,0
BRDA:293,12,0,0
BRDA:293,12,1,0
BRDA:298,13,0,0
BRDA:298,13,1,0
BRDA:305,14,0,0
BRDA:305,14,1,0
BRDA:310,15,0,0
BRDA:310,15,1,0
BRDA:329,16,0,0
BRDA:329,16,1,0
BRDA:511,17,0,0
BRDA:511,17,1,0
BRDA:530,18,0,0
BRDA:530,18,1,0
BRDA:611,19,0,0
BRDA:611,19,1,0
BRDA:675,20,0,0
BRDA:675,20,1,0
BRDA:822,21,0,0
BRDA:822,21,1,0
BRDA:830,22,0,0
BRDA:830,22,1,0
BRDA:893,23,0,0
BRDA:893,23,1,0
BRDA:893,23,2,0
BRDA:893,23,3,0
BRDA:893,23,4,0
BRDA:929,24,0,0
BRDA:929,24,1,0
BRDA:929,24,2,0
BRDA:947,25,0,0
BRDA:947,25,1,0
BRDA:986,26,0,0
BRDA:986,26,1,0
BRDA:1059,27,0,0
BRDA:1059,27,1,0
BRDA:1082,28,0,0
BRDA:1082,28,1,0
BRDA:1109,29,0,0
BRDA:1109,29,1,0
BRDA:1131,30,0,0
BRDA:1131,30,1,0
BRDA:1153,31,0,0
BRDA:1153,31,1,0
BRDA:1161,32,0,0
BRDA:1161,32,1,0
BRF:70
BRH:0
end_of_record
TN:
SF:src/components/SeriesConfigDialog/ColorPicker.tsx
FN:18,(anonymous_0)
FN:23,(anonymous_1)
FN:27,(anonymous_2)
FN:28,(anonymous_3)
FN:35,(anonymous_4)
FN:142,(anonymous_5)
FN:153,(anonymous_6)
FN:159,(anonymous_7)
FN:161,(anonymous_8)
FN:166,(anonymous_9)
FNF:10
FNH:0
FNDA:0,(anonymous_0)
FNDA:0,(anonymous_1)
FNDA:0,(anonymous_2)
FNDA:0,(anonymous_3)
FNDA:0,(anonymous_4)
FNDA:0,(anonymous_5)
FNDA:0,(anonymous_6)
FNDA:0,(anonymous_7)
FNDA:0,(anonymous_8)
FNDA:0,(anonymous_9)
DA:18,0
DA:19,0
DA:20,0
DA:21,0
DA:23,0
DA:24,0
DA:27,0
DA:28,0
DA:29,0
DA:30,0
DA:34,0
DA:35,0
DA:38,0
DA:142,0
DA:143,0
DA:144,0
DA:145,0
DA:148,0
DA:153,0
DA:160,0
DA:162,0
DA:166,0
LF:22
LH:0
BRDA:29,0,0,0
BRDA:29,0,1,0
BRDA:29,1,0,0
BRDA:29,1,1,0
BRDA:156,2,0,0
BRDA:156,2,1,0
BRDA:164,3,0,0
BRDA:164,3,1,0
BRF:8
BRH:0
end_of_record
TN:
SF:src/components/SeriesConfigDialog/LineStyleSelector.tsx
FN:18,(anonymous_0)
FN:27,(anonymous_1)
FN:31,(anonymous_2)
FNF:3
FNH:0
FNDA:0,(anonymous_0)
FNDA:0,(anonymous_1)
FNDA:0,(anonymous_2)
DA:18,0
DA:19,0
DA:25,0
DA:28,0
DA:31,0
LF:5
LH:0
BRDA:30,0,0,0
BRDA:30,0,1,0
BRDA:38,1,0,0
BRDA:38,1,1,0
BRDA:40,2,0,0
BRDA:40,2,1,0
BRF:6
BRH:0
end_of_record
TN:
SF:src/components/SeriesConfigDialog/OpacitySlider.tsx
FN:18,(anonymous_0)
FN:19,(anonymous_1)
FNF:2
FNH:0
FNDA:0,(anonymous_0)
FNDA:0,(anonymous_1)
DA:18,0
DA:19,0
DA:20,0
DA:23,0
LF:4
LH:0
BRF:0
BRH:0
end_of_record
TN:
SF:src/components/SeriesConfigDialog/SeriesConfigDialog.tsx
FN:28,(anonymous_0)
FN:38,(anonymous_1)
FN:42,(anonymous_2)
FN:63,(anonymous_3)
FN:69,(anonymous_4)
FN:75,(anonymous_5)
FN:127,(anonymous_6)
FN:134,(anonymous_7)
FN:137,(anonymous_8)
FN:147,(anonymous_9)
FN:157,(anonymous_10)
FN:174,(anonymous_11)
FN:185,(anonymous_12)
FN:190,(anonymous_13)
FN:206,(anonymous_14)
FN:216,(anonymous_15)
FN:232,(anonymous_16)
FN:239,(anonymous_17)
FN:255,(anonymous_18)
FN:264,(anonymous_19)
FN:282,(anonymous_20)
FN:291,(anonymous_21)
FN:314,(anonymous_22)
FN:323,(anonymous_23)
FN:340,(anonymous_24)
FN:349,(anonymous_25)
FN:366,(anonymous_26)
FN:375,(anonymous_27)
FN:383,(anonymous_28)
FN:400,(anonymous_29)
FN:413,(anonymous_30)
FN:423,(anonymous_31)
FN:431,(anonymous_32)
FN:446,(anonymous_33)
FN:458,(anonymous_34)
FN:476,(anonymous_35)
FN:488,(anonymous_36)
FN:506,(anonymous_37)
FNF:38
FNH:0
FNDA:0,(anonymous_0)
FNDA:0,(anonymous_1)
FNDA:0,(anonymous_2)
FNDA:0,(anonymous_3)
FNDA:0,(anonymous_4)
FNDA:0,(anonymous_5)
FNDA:0,(anonymous_6)
FNDA:0,(anonymous_7)
FNDA:0,(anonymous_8)
FNDA:0,(anonymous_9)
FNDA:0,(anonymous_10)
FNDA:0,(anonymous_11)
FNDA:0,(anonymous_12)
FNDA:0,(anonymous_13)
FNDA:0,(anonymous_14)
FNDA:0,(anonymous_15)
FNDA:0,(anonymous_16)
FNDA:0,(anonymous_17)
FNDA:0,(anonymous_18)
FNDA:0,(anonymous_19)
FNDA:0,(anonymous_20)
FNDA:0,(anonymous_21)
FNDA:0,(anonymous_22)
FNDA:0,(anonymous_23)
FNDA:0,(anonymous_24)
FNDA:0,(anonymous_25)
FNDA:0,(anonymous_26)
FNDA:0,(anonymous_27)
FNDA:0,(anonymous_28)
FNDA:0,(anonymous_29)
FNDA:0,(anonymous_30)
FNDA:0,(anonymous_31)
FNDA:0,(anonymous_32)
FNDA:0,(anonymous_33)
FNDA:0,(anonymous_34)
FNDA:0,(anonymous_35)
FNDA:0,(anonymous_36)
FNDA:0,(anonymous_37)
DA:28,0
DA:35,0
DA:36,0
DA:38,0
DA:39,0
DA:42,0
DA:43,0
DA:44,0
DA:45,0
DA:48,0
DA:50,0
DA:63,0
DA:69,0
DA:75,0
DA:127,0
DA:128,0
DA:134,0
DA:137,0
DA:147,0
DA:158,0
DA:174,0
DA:175,0
DA:185,0
DA:190,0
DA:206,0
DA:216,0
DA:232,0
DA:233,0
DA:239,0
DA:244,0
DA:246,0
DA:256,0
DA:265,0
DA:283,0
DA:292,0
DA:305,0
DA:315,0
DA:324,0
DA:341,0
DA:350,0
DA:367,0
DA:376,0
DA:384,0
DA:396,0
DA:400,0
DA:406,0
DA:413,0
DA:423,0
DA:431,0
DA:436,0
DA:438,0
DA:446,0
DA:458,0
DA:468,0
DA:476,0
DA:488,0
DA:498,0
DA:506,0
DA:507,0
DA:518,0
LF:60
LH:0
BRDA:48,0,0,0
BRDA:48,0,1,0
BRDA:62,1,0,0
BRDA:62,1,1,0
BRDA:68,2,0,0
BRDA:68,2,1,0
BRDA:74,3,0,0
BRDA:74,3,1,0
BRDA:82,4,0,0
BRDA:82,4,1,0
BRDA:90,5,0,0
BRDA:90,5,1,0
BRDA:98,6,0,0
BRDA:98,6,1,0
BRDA:134,7,0,0
BRDA:134,7,1,0
BRDA:136,8,0,0
BRDA:136,8,1,0
BRDA:146,9,0,0
BRDA:146,9,1,0
BRDA:156,10,0,0
BRDA:156,10,1,0
BRDA:184,11,0,0
BRDA:184,11,1,0
BRDA:189,12,0,0
BRDA:189,12,1,0
BRDA:244,13,0,0
BRDA:244,13,1,0
BRDA:244,13,2,0
BRDA:263,14,0,0
BRDA:263,14,1,0
BRDA:290,15,0,0
BRDA:290,15,1,0
BRDA:322,16,0,0
BRDA:322,16,1,0
BRDA:348,17,0,0
BRDA:348,17,1,0
BRDA:374,18,0,0
BRDA:374,18,1,0
BRDA:382,19,0,0
BRDA:382,19,1,0
BRDA:436,20,0,0
BRDA:436,20,1,0
BRDA:436,20,2,0
BRDA:445,21,0,0
BRDA:445,21,1,0
BRDA:457,22,0,0
BRDA:457,22,1,0
BRDA:475,23,0,0
BRDA:475,23,1,0
BRDA:487,24,0,0
BRDA:487,24,1,0
BRDA:518,25,0,0
BRDA:518,25,1,0
BRF:54
BRH:0
end_of_record
TN:
SF:src/components/SeriesConfigDialog/ThicknessSelector.tsx
FN:18,(anonymous_0)
FN:29,(anonymous_1)
FN:33,(anonymous_2)
FNF:3
FNH:0
FNDA:0,(anonymous_0)
FNDA:0,(anonymous_1)
FNDA:0,(anonymous_2)
DA:18,0
DA:19,0
DA:27,0
DA:30,0
DA:33,0
LF:5
LH:0
BRDA:32,0,0,0
BRDA:32,0,1,0
BRF:2
BRH:0
end_of_record
TN:
SF:src/config/positioningConfig.ts
FN:118,getMargins
FN:125,getDimensions
FN:134,getFallback
FN:141,validateConfiguration
FNF:4
FNH:0
FNDA:0,getMargins
FNDA:0,getDimensions
FNDA:0,getFallback
FNDA:0,validateConfiguration
DA:12,7
DA:42,7
DA:79,7
DA:93,7
DA:107,7
DA:119,0
DA:128,0
DA:135,0
DA:143,0
DA:144,0
DA:145,0
DA:146,0
DA:152,0
DA:153,0
DA:156,0
DA:157,0
DA:160,0
DA:164,7
DA:165,0
LF:19
LH:6
BRDA:119,0,0,0
BRDA:119,0,1,0
BRDA:128,1,0,0
BRDA:128,1,1,0
BRDA:135,2,0,0
BRDA:135,2,1,0
BRDA:145,3,0,0
BRDA:145,3,1,0
BRDA:145,4,0,0
BRDA:145,4,1,0
BRDA:152,5,0,0
BRDA:152,5,1,0
BRDA:156,6,0,0
BRDA:156,6,1,0
BRDA:164,7,0,0
BRDA:164,7,1,7
BRF:16
BRH:1
end_of_record
TN:
SF:src/hooks/useOptimizedChart.ts
FN:26,useOptimizedChart
FN:51,(anonymous_1)
FN:54,(anonymous_2)
FN:55,(anonymous_3)
FN:64,(anonymous_4)
FN:82,(anonymous_5)
FN:92,(anonymous_6)
FN:95,(anonymous_7)
FN:108,(anonymous_8)
FN:111,(anonymous_9)
FN:112,(anonymous_10)
FN:128,(anonymous_11)
FN:147,(anonymous_12)
FN:190,(anonymous_13)
FN:222,(anonymous_14)
FN:230,(anonymous_15)
FN:235,(anonymous_16)
FN:240,(anonymous_17)
FN:248,(anonymous_18)
FN:257,(anonymous_19)
FN:271,(anonymous_20)
FN:293,(anonymous_21)
FN:300,(anonymous_22)
FN:301,(anonymous_23)
FN:307,(anonymous_24)
FN:309,(anonymous_25)
FN:334,useChartConfigComparison
FN:335,(anonymous_27)
FN:339,debounce
FN:345,(anonymous_29)
FN:347,(anonymous_30)
FN:351,throttle
FN:357,(anonymous_32)
FN:361,(anonymous_33)
FN:366,createChartFromOptions
FNF:35
FNH:21
FNDA:9,useOptimizedChart
FNDA:9,(anonymous_1)
FNDA:1,(anonymous_2)
FNDA:0,(anonymous_3)
FNDA:0,(anonymous_4)
FNDA:1,(anonymous_5)
FNDA:9,(anonymous_6)
FNDA:0,(anonymous_7)
FNDA:9,(anonymous_8)
FNDA:0,(anonymous_9)
FNDA:0,(anonymous_10)
FNDA:0,(anonymous_11)
FNDA:0,(anonymous_12)
FNDA:8,(anonymous_13)
FNDA:3,(anonymous_14)
FNDA:3,(anonymous_15)
FNDA:2,(anonymous_16)
FNDA:1,(anonymous_17)
FNDA:1,(anonymous_18)
FNDA:1,(anonymous_19)
FNDA:10,(anonymous_20)
FNDA:9,(anonymous_21)
FNDA:9,(anonymous_22)
FNDA:9,(anonymous_23)
FNDA:9,(anonymous_24)
FNDA:9,(anonymous_25)
FNDA:0,useChartConfigComparison
FNDA:0,(anonymous_27)
FNDA:9,debounce
FNDA:0,(anonymous_29)
FNDA:0,(anonymous_30)
FNDA:9,throttle
FNDA:0,(anonymous_32)
FNDA:0,(anonymous_33)
FNDA:0,createChartFromOptions
DA:37,9
DA:39,9
DA:47,9
DA:48,9
DA:51,9
DA:52,9
DA:53,1
DA:54,1
DA:56,0
DA:57,0
DA:64,9
DA:65,0
DA:66,0
DA:69,0
DA:82,9
DA:83,1
DA:92,9
DA:93,9
DA:95,9
DA:96,0
DA:97,0
DA:99,0
DA:100,0
DA:108,9
DA:109,9
DA:111,9
DA:112,0
DA:113,0
DA:114,0
DA:117,0
DA:118,0
DA:119,0
DA:128,9
DA:129,0
DA:130,0
DA:133,0
DA:134,0
DA:146,9
DA:148,0
DA:149,0
DA:152,0
DA:154,0
DA:157,0
DA:158,0
DA:159,0
DA:163,0
DA:164,0
DA:167,0
DA:168,0
DA:170,0
DA:173,0
DA:174,0
DA:177,0
DA:179,0
DA:180,0
DA:182,0
DA:189,9
DA:191,8
DA:192,1
DA:195,8
DA:196,8
DA:197,8
DA:201,0
DA:202,0
DA:203,0
DA:206,0
DA:207,0
DA:210,0
DA:212,0
DA:213,0
DA:215,0
DA:222,9
DA:223,3
DA:224,0
DA:226,3
DA:230,9
DA:231,3
DA:235,9
DA:236,2
DA:240,9
DA:241,1
DA:242,0
DA:244,1
DA:248,9
DA:249,1
DA:250,0
DA:252,1
DA:256,9
DA:258,1
DA:259,0
DA:261,0
DA:262,0
DA:271,9
DA:273,10
DA:276,10
DA:279,10
DA:280,0
DA:281,0
DA:286,10
DA:287,10
DA:288,10
DA:289,10
DA:293,9
DA:294,9
DA:295,0
DA:300,9
DA:301,9
DA:302,9
DA:307,9
DA:308,9
DA:309,9
DA:311,9
DA:315,9
DA:335,0
DA:343,9
DA:345,9
DA:346,0
DA:347,0
DA:355,9
DA:357,9
DA:358,0
DA:359,0
DA:360,0
DA:361,0
DA:367,0
DA:368,0
DA:369,0
DA:371,0
LF:128
LH:62
BRDA:29,0,0,9
BRDA:30,1,0,9
BRDA:31,2,0,9
BRDA:32,3,0,8
BRDA:33,4,0,9
BRDA:34,5,0,9
BRDA:35,6,0,9
BRDA:36,7,0,9
BRDA:52,8,0,1
BRDA:52,8,1,8
BRDA:65,9,0,0
BRDA:65,9,1,0
BRDA:65,10,0,0
BRDA:65,10,1,0
BRDA:93,11,0,0
BRDA:93,11,1,9
BRDA:96,12,0,0
BRDA:96,12,1,0
BRDA:96,13,0,0
BRDA:96,13,1,0
BRDA:99,14,0,0
BRDA:99,14,1,0
BRDA:99,15,0,0
BRDA:99,15,1,0
BRDA:109,16,0,0
BRDA:109,16,1,9
BRDA:113,17,0,0
BRDA:113,17,1,0
BRDA:117,18,0,0
BRDA:117,18,1,0
BRDA:117,19,0,0
BRDA:117,19,1,0
BRDA:118,20,0,0
BRDA:118,20,1,0
BRDA:129,21,0,0
BRDA:129,21,1,0
BRDA:129,22,0,0
BRDA:129,22,1,0
BRDA:129,22,2,0
BRDA:148,23,0,0
BRDA:148,23,1,0
BRDA:158,24,0,0
BRDA:158,24,1,0
BRDA:168,25,0,0
BRDA:168,25,1,0
BRDA:173,26,0,0
BRDA:173,26,1,0
BRDA:179,27,0,0
BRDA:179,27,1,0
BRDA:190,28,0,0
BRDA:191,29,0,1
BRDA:191,29,1,7
BRDA:196,30,0,8
BRDA:196,30,1,0
BRDA:196,31,0,8
BRDA:196,31,1,0
BRDA:202,32,0,0
BRDA:202,32,1,0
BRDA:206,33,0,0
BRDA:206,33,1,0
BRDA:212,34,0,0
BRDA:212,34,1,0
BRDA:223,35,0,0
BRDA:223,35,1,3
BRDA:223,36,0,3
BRDA:223,36,1,3
BRDA:236,37,0,2
BRDA:236,37,1,0
BRDA:236,37,2,0
BRDA:241,38,0,0
BRDA:241,38,1,1
BRDA:241,39,0,1
BRDA:241,39,1,0
BRDA:249,40,0,0
BRDA:249,40,1,1
BRDA:249,41,0,1
BRDA:249,41,1,0
BRDA:258,42,0,0
BRDA:258,42,1,1
BRDA:258,43,0,1
BRDA:258,43,1,0
BRDA:261,44,0,0
BRDA:261,44,1,0
BRDA:261,45,0,0
BRDA:261,45,1,0
BRDA:279,46,0,0
BRDA:279,46,1,10
BRDA:294,47,0,0
BRDA:294,47,1,9
BRDA:294,48,0,9
BRDA:294,48,1,0
BRDA:346,49,0,0
BRDA:346,49,1,0
BRDA:358,50,0,0
BRDA:358,50,1,0
BRF:95
BRH:29
end_of_record
TN:
SF:src/plugins/chart/paneButtonPanelPlugin.ts
FN:74,(anonymous_0)
FN:101,(anonymous_1)
FN:105,(anonymous_2)
FN:106,(anonymous_3)
FN:120,(anonymous_4)
FN:139,(anonymous_5)
FN:150,(anonymous_6)
FN:165,(anonymous_7)
FN:172,(anonymous_8)
FN:206,(anonymous_9)
FN:214,(anonymous_10)
FN:222,(anonymous_11)
FN:231,(anonymous_12)
FN:235,(anonymous_13)
FN:278,(anonymous_14)
FN:286,(anonymous_15)
FN:289,(anonymous_16)
FN:301,(anonymous_17)
FN:333,(anonymous_18)
FN:335,(anonymous_19)
FN:348,(anonymous_20)
FN:357,(anonymous_21)
FN:359,(anonymous_22)
FN:368,(anonymous_23)
FN:385,(anonymous_24)
FN:411,(anonymous_25)
FN:435,(anonymous_26)
FN:460,(anonymous_27)
FN:470,(anonymous_28)
FN:483,(anonymous_29)
FN:492,(anonymous_30)
FN:538,(anonymous_31)
FN:553,(anonymous_32)
FN:590,(anonymous_33)
FN:620,(anonymous_34)
FN:630,(anonymous_35)
FN:639,(anonymous_36)
FN:650,(anonymous_37)
FN:660,(anonymous_38)
FN:677,(anonymous_39)
FN:689,(anonymous_40)
FN:696,(anonymous_41)
FN:701,createPaneButtonPanelPlugin
FN:709,createPaneButtonPanelPlugins
FN:714,(anonymous_44)
FNF:45
FNH:0
FNDA:0,(anonymous_0)
FNDA:0,(anonymous_1)
FNDA:0,(anonymous_2)
FNDA:0,(anonymous_3)
FNDA:0,(anonymous_4)
FNDA:0,(anonymous_5)
FNDA:0,(anonymous_6)
FNDA:0,(anonymous_7)
FNDA:0,(anonymous_8)
FNDA:0,(anonymous_9)
FNDA:0,(anonymous_10)
FNDA:0,(anonymous_11)
FNDA:0,(anonymous_12)
FNDA:0,(anonymous_13)
FNDA:0,(anonymous_14)
FNDA:0,(anonymous_15)
FNDA:0,(anonymous_16)
FNDA:0,(anonymous_17)
FNDA:0,(anonymous_18)
FNDA:0,(anonymous_19)
FNDA:0,(anonymous_20)
FNDA:0,(anonymous_21)
FNDA:0,(anonymous_22)
FNDA:0,(anonymous_23)
FNDA:0,(anonymous_24)
FNDA:0,(anonymous_25)
FNDA:0,(anonymous_26)
FNDA:0,(anonymous_27)
FNDA:0,(anonymous_28)
FNDA:0,(anonymous_29)
FNDA:0,(anonymous_30)
FNDA:0,(anonymous_31)
FNDA:0,(anonymous_32)
FNDA:0,(anonymous_33)
FNDA:0,(anonymous_34)
FNDA:0,(anonymous_35)
FNDA:0,(anonymous_36)
FNDA:0,(anonymous_37)
FNDA:0,(anonymous_38)
FNDA:0,(anonymous_39)
FNDA:0,(anonymous_40)
FNDA:0,(anonymous_41)
FNDA:0,createPaneButtonPanelPlugin
FNDA:0,createPaneButtonPanelPlugins
FNDA:0,(anonymous_44)
DA:56,0
DA:59,0
DA:60,0
DA:62,0
DA:63,0
DA:65,0
DA:66,0
DA:70,0
DA:71,0
DA:72,0
DA:75,0
DA:76,0
DA:77,0
DA:78,0
DA:80,0
DA:95,0
DA:102,0
DA:103,0
DA:105,0
DA:114,0
DA:121,0
DA:124,0
DA:125,0
DA:127,0
DA:128,0
DA:131,0
DA:132,0
DA:140,0
DA:142,0
DA:145,0
DA:146,0
DA:147,0
DA:151,0
DA:153,0
DA:154,0
DA:155,0
DA:156,0
DA:157,0
DA:158,0
DA:167,0
DA:168,0
DA:172,0
DA:173,0
DA:174,0
DA:176,0
DA:177,0
DA:179,0
DA:180,0
DA:182,0
DA:183,0
DA:185,0
DA:186,0
DA:191,0
DA:192,0
DA:196,0
DA:197,0
DA:198,0
DA:199,0
DA:200,0
DA:207,0
DA:210,0
DA:211,0
DA:214,0
DA:215,0
DA:223,0
DA:224,0
DA:227,0
DA:229,0
DA:230,0
DA:231,0
DA:232,0
DA:235,0
DA:236,0
DA:240,0
DA:241,0
DA:242,0
DA:243,0
DA:244,0
DA:245,0
DA:247,0
DA:249,0
DA:252,0
DA:253,0
DA:256,0
DA:257,0
DA:266,0
DA:267,0
DA:268,0
DA:279,0
DA:280,0
DA:282,0
DA:287,0
DA:290,0
DA:302,0
DA:303,0
DA:304,0
DA:307,0
DA:309,0
DA:312,0
DA:313,0
DA:314,0
DA:315,0
DA:316,0
DA:317,0
DA:318,0
DA:319,0
DA:320,0
DA:321,0
DA:323,0
DA:324,0
DA:325,0
DA:329,0
DA:330,0
DA:333,0
DA:336,0
DA:349,0
DA:350,0
DA:352,0
DA:354,0
DA:369,0
DA:370,0
DA:372,0
DA:373,0
DA:376,0
DA:378,0
DA:380,0
DA:383,0
DA:385,0
DA:386,0
DA:389,0
DA:390,0
DA:391,0
DA:392,0
DA:395,0
DA:405,0
DA:416,0
DA:418,0
DA:425,0
DA:436,0
DA:437,0
DA:439,0
DA:441,0
DA:444,0
DA:447,0
DA:448,0
DA:451,0
DA:452,0
DA:461,0
DA:462,0
DA:463,0
DA:471,0
DA:472,0
DA:473,0
DA:474,0
DA:476,0
DA:486,0
DA:493,0
DA:506,0
DA:508,0
DA:516,0
DA:526,0
DA:533,0
DA:539,0
DA:541,0
DA:542,0
DA:544,0
DA:545,0
DA:546,0
DA:548,0
DA:554,0
DA:556,0
DA:557,0
DA:559,0
DA:560,0
DA:561,0
DA:563,0
DA:564,0
DA:565,0
DA:567,0
DA:568,0
DA:569,0
DA:572,0
DA:573,0
DA:574,0
DA:576,0
DA:577,0
DA:578,0
DA:582,0
DA:584,0
DA:585,0
DA:591,0
DA:593,0
DA:594,0
DA:596,0
DA:597,0
DA:598,0
DA:600,0
DA:601,0
DA:603,0
DA:604,0
DA:606,0
DA:607,0
DA:608,0
DA:612,0
DA:614,0
DA:615,0
DA:621,0
DA:622,0
DA:624,0
DA:631,0
DA:632,0
DA:633,0
DA:634,0
DA:635,0
DA:637,0
DA:639,0
DA:640,0
DA:651,0
DA:652,0
DA:653,0
DA:662,0
DA:667,0
DA:670,0
DA:671,0
DA:672,0
DA:674,0
DA:678,0
DA:679,0
DA:680,0
DA:681,0
DA:690,0
DA:697,0
DA:706,0
DA:714,0
LF:234
LH:0
BRDA:74,0,0,0
BRDA:78,1,0,0
BRDA:78,1,1,0
BRDA:102,2,0,0
BRDA:102,2,1,0
BRDA:131,3,0,0
BRDA:131,3,1,0
BRDA:140,4,0,0
BRDA:140,4,1,0
BRDA:145,5,0,0
BRDA:145,5,1,0
BRDA:146,6,0,0
BRDA:146,6,1,0
BRDA:153,7,0,0
BRDA:153,7,1,0
BRDA:156,8,0,0
BRDA:156,8,1,0
BRDA:157,9,0,0
BRDA:157,9,1,0
BRDA:158,10,0,0
BRDA:158,10,1,0
BRDA:167,11,0,0
BRDA:167,11,1,0
BRDA:173,12,0,0
BRDA:173,12,1,0
BRDA:173,13,0,0
BRDA:173,13,1,0
BRDA:176,14,0,0
BRDA:176,14,1,0
BRDA:176,15,0,0
BRDA:176,15,1,0
BRDA:179,16,0,0
BRDA:179,16,1,0
BRDA:179,17,0,0
BRDA:179,17,1,0
BRDA:182,18,0,0
BRDA:182,18,1,0
BRDA:185,19,0,0
BRDA:185,19,1,0
BRDA:191,20,0,0
BRDA:191,20,1,0
BRDA:191,21,0,0
BRDA:191,21,1,0
BRDA:207,22,0,0
BRDA:207,22,1,0
BRDA:207,23,0,0
BRDA:207,23,1,0
BRDA:211,24,0,0
BRDA:211,24,1,0
BRDA:223,25,0,0
BRDA:223,25,1,0
BRDA:223,26,0,0
BRDA:223,26,1,0
BRDA:230,27,0,0
BRDA:230,27,1,0
BRDA:230,28,0,0
BRDA:230,28,1,0
BRDA:256,29,0,0
BRDA:256,29,1,0
BRDA:280,30,0,0
BRDA:280,30,1,0
BRDA:303,31,0,0
BRDA:303,31,1,0
BRDA:303,32,0,0
BRDA:303,32,1,0
BRDA:312,33,0,0
BRDA:312,33,1,0
BRDA:329,34,0,0
BRDA:329,34,1,0
BRDA:350,35,0,0
BRDA:350,35,1,0
BRDA:350,36,0,0
BRDA:350,36,1,0
BRDA:372,37,0,0
BRDA:372,37,1,0
BRDA:372,38,0,0
BRDA:372,38,1,0
BRDA:380,39,0,0
BRDA:380,39,1,0
BRDA:380,40,0,0
BRDA:380,40,1,0
BRDA:390,41,0,0
BRDA:390,41,1,0
BRDA:416,42,0,0
BRDA:416,42,1,0
BRDA:437,43,0,0
BRDA:437,43,1,0
BRDA:451,44,0,0
BRDA:451,44,1,0
BRDA:474,45,0,0
BRDA:474,45,1,0
BRDA:506,46,0,0
BRDA:506,46,1,0
BRDA:506,46,2,0
BRDA:506,46,3,0
BRDA:506,46,4,0
BRDA:539,47,0,0
BRDA:539,47,1,0
BRDA:542,48,0,0
BRDA:542,48,1,0
BRDA:545,49,0,0
BRDA:545,49,1,0
BRDA:554,50,0,0
BRDA:554,50,1,0
BRDA:557,51,0,0
BRDA:557,51,1,0
BRDA:557,52,0,0
BRDA:557,52,1,0
BRDA:561,53,0,0
BRDA:561,53,1,0
BRDA:568,54,0,0
BRDA:568,54,1,0
BRDA:577,55,0,0
BRDA:577,55,1,0
BRDA:584,56,0,0
BRDA:584,56,1,0
BRDA:591,57,0,0
BRDA:591,57,1,0
BRDA:594,58,0,0
BRDA:594,58,1,0
BRDA:594,59,0,0
BRDA:594,59,1,0
BRDA:598,60,0,0
BRDA:598,60,1,0
BRDA:601,61,0,0
BRDA:601,61,1,0
BRDA:607,62,0,0
BRDA:607,62,1,0
BRDA:614,63,0,0
BRDA:614,63,1,0
BRDA:622,64,0,0
BRDA:622,64,1,0
BRDA:622,65,0,0
BRDA:622,65,1,0
BRDA:633,66,0,0
BRDA:633,66,1,0
BRDA:633,67,0,0
BRDA:633,67,1,0
BRDA:637,68,0,0
BRDA:637,68,1,0
BRDA:652,69,0,0
BRDA:652,69,1,0
BRDA:667,70,0,0
BRDA:667,70,1,0
BRDA:672,71,0,0
BRDA:672,71,1,0
BRDA:679,72,0,0
BRDA:679,72,1,0
BRF:148
BRH:0
end_of_record
TN:
SF:src/plugins/chart/tooltipPlugin.ts
FN:91,(anonymous_0)
FN:104,(anonymous_1)
FN:110,(anonymous_2)
FN:114,(anonymous_3)
FN:120,(anonymous_4)
FN:126,(anonymous_5)
FN:130,(anonymous_6)
FN:134,(anonymous_7)
FN:138,(anonymous_8)
FN:142,(anonymous_9)
FN:154,(anonymous_10)
FN:165,(anonymous_11)
FN:172,(anonymous_12)
FN:176,(anonymous_13)
FN:184,(anonymous_14)
FN:191,(anonymous_15)
FN:198,(anonymous_16)
FN:205,(anonymous_17)
FN:212,(anonymous_18)
FN:219,(anonymous_19)
FN:224,(anonymous_20)
FN:239,(anonymous_21)
FN:248,(anonymous_22)
FN:282,(anonymous_23)
FN:305,(anonymous_24)
FN:318,(anonymous_25)
FN:349,(anonymous_26)
FN:392,(anonymous_27)
FN:423,(anonymous_28)
FN:470,(anonymous_29)
FN:498,(anonymous_30)
FN:508,(anonymous_31)
FN:536,(anonymous_32)
FN:560,(anonymous_33)
FN:581,(anonymous_34)
FN:610,(anonymous_35)
FN:644,(anonymous_36)
FN:671,(anonymous_37)
FN:693,(anonymous_38)
FN:694,(anonymous_39)
FN:704,(anonymous_40)
FN:726,(anonymous_41)
FN:750,(anonymous_42)
FN:762,(anonymous_43)
FN:773,(anonymous_44)
FN:820,(anonymous_45)
FN:856,(anonymous_46)
FN:863,(anonymous_47)
FN:870,(anonymous_48)
FN:878,(anonymous_49)
FN:896,createTooltipPlugin
FN:913,(anonymous_51)
FNF:52
FNH:19
FNDA:27,(anonymous_0)
FNDA:51,(anonymous_1)
FNDA:1,(anonymous_2)
FNDA:2,(anonymous_3)
FNDA:3,(anonymous_4)
FNDA:1,(anonymous_5)
FNDA:1,(anonymous_6)
FNDA:1,(anonymous_7)
FNDA:101,(anonymous_8)
FNDA:5,(anonymous_9)
FNDA:1,(anonymous_10)
FNDA:2,(anonymous_11)
FNDA:1,(anonymous_12)
FNDA:2,(anonymous_13)
FNDA:0,(anonymous_14)
FNDA:0,(anonymous_15)
FNDA:0,(anonymous_16)
FNDA:0,(anonymous_17)
FNDA:0,(anonymous_18)
FNDA:27,(anonymous_19)
FNDA:0,(anonymous_20)
FNDA:0,(anonymous_21)
FNDA:0,(anonymous_22)
FNDA:0,(anonymous_23)
FNDA:0,(anonymous_24)
FNDA:0,(anonymous_25)
FNDA:0,(anonymous_26)
FNDA:0,(anonymous_27)
FNDA:0,(anonymous_28)
FNDA:2,(anonymous_29)
FNDA:4,(anonymous_30)
FNDA:0,(anonymous_31)
FNDA:0,(anonymous_32)
FNDA:0,(anonymous_33)
FNDA:0,(anonymous_34)
FNDA:0,(anonymous_35)
FNDA:0,(anonymous_36)
FNDA:0,(anonymous_37)
FNDA:0,(anonymous_38)
FNDA:0,(anonymous_39)
FNDA:0,(anonymous_40)
FNDA:1,(anonymous_41)
FNDA:0,(anonymous_42)
FNDA:0,(anonymous_43)
FNDA:1,(anonymous_44)
FNDA:0,(anonymous_45)
FNDA:0,(anonymous_46)
FNDA:0,(anonymous_47)
FNDA:0,(anonymous_48)
FNDA:0,(anonymous_49)
FNDA:0,createTooltipPlugin
FNDA:0,(anonymous_51)
DA:83,27
DA:84,27
DA:85,27
DA:86,27
DA:89,27
DA:92,27
DA:93,27
DA:94,27
DA:95,27
DA:98,27
DA:100,27
DA:105,51
DA:106,0
DA:111,1
DA:115,2
DA:116,1
DA:119,1
DA:120,1
DA:121,3
DA:123,1
DA:127,1
DA:135,1
DA:143,5
DA:148,5
DA:158,1
DA:159,1
DA:166,2
DA:167,2
DA:168,0
DA:173,1
DA:185,0
DA:192,0
DA:199,0
DA:206,0
DA:213,0
DA:221,27
DA:222,27
DA:223,27
DA:224,27
DA:225,0
DA:226,0
DA:227,0
DA:228,0
DA:229,0
DA:231,0
DA:238,27
DA:239,27
DA:240,0
DA:249,0
DA:250,0
DA:254,0
DA:255,0
DA:257,0
DA:258,0
DA:262,0
DA:264,0
DA:265,0
DA:269,0
DA:270,0
DA:271,0
DA:272,0
DA:276,0
DA:283,0
DA:284,0
DA:287,0
DA:288,0
DA:291,0
DA:292,0
DA:297,0
DA:299,0
DA:307,0
DA:308,0
DA:309,0
DA:312,0
DA:321,0
DA:328,0
DA:336,0
DA:343,0
DA:350,0
DA:352,0
DA:355,0
DA:356,0
DA:358,0
DA:359,0
DA:363,0
DA:365,0
DA:366,0
DA:372,0
DA:373,0
DA:374,0
DA:377,0
DA:379,0
DA:380,0
DA:383,0
DA:385,0
DA:393,0
DA:394,0
DA:398,0
DA:415,0
DA:416,0
DA:417,0
DA:424,0
DA:425,0
DA:428,0
DA:429,0
DA:430,0
DA:434,0
DA:435,0
DA:436,0
DA:439,0
DA:458,0
DA:464,0
DA:471,2
DA:472,2
DA:476,0
DA:477,0
DA:478,0
DA:482,0
DA:490,0
DA:491,0
DA:492,0
DA:499,4
DA:500,0
DA:502,4
DA:509,0
DA:510,0
DA:511,0
DA:512,0
DA:528,0
DA:530,0
DA:537,0
DA:538,0
DA:541,0
DA:542,0
DA:544,0
DA:545,0
DA:548,0
DA:549,0
DA:552,0
DA:553,0
DA:562,0
DA:564,0
DA:565,0
DA:566,0
DA:571,0
DA:572,0
DA:574,0
DA:582,0
DA:583,0
DA:586,0
DA:587,0
DA:588,0
DA:590,0
DA:611,0
DA:612,0
DA:615,0
DA:618,0
DA:619,0
DA:620,0
DA:621,0
DA:622,0
DA:623,0
DA:624,0
DA:625,0
DA:626,0
DA:631,0
DA:632,0
DA:633,0
DA:634,0
DA:638,0
DA:645,0
DA:648,0
DA:649,0
DA:650,0
DA:651,0
DA:656,0
DA:657,0
DA:658,0
DA:659,0
DA:660,0
DA:661,0
DA:665,0
DA:672,0
DA:685,0
DA:687,0
DA:694,0
DA:695,0
DA:696,0
DA:698,0
DA:705,0
DA:708,0
DA:709,0
DA:713,0
DA:714,0
DA:716,0
DA:717,0
DA:720,0
DA:727,1
DA:728,1
DA:729,1
DA:731,1
DA:732,0
DA:733,0
DA:736,1
DA:737,0
DA:738,0
DA:741,1
DA:743,0
DA:752,0
DA:753,0
DA:754,0
DA:756,0
DA:763,0
DA:764,0
DA:765,0
DA:767,0
DA:774,1
DA:775,1
DA:778,0
DA:779,0
DA:780,0
DA:784,0
DA:785,0
DA:786,0
DA:789,0
DA:808,0
DA:814,0
DA:821,0
DA:822,0
DA:824,0
DA:825,0
DA:827,0
DA:828,0
DA:830,0
DA:831,0
DA:833,0
DA:834,0
DA:836,0
DA:837,0
DA:839,0
DA:840,0
DA:842,0
DA:843,0
DA:845,0
DA:846,0
DA:848,0
DA:849,0
DA:857,0
DA:864,0
DA:871,0
DA:872,0
DA:879,0
DA:880,0
DA:881,0
DA:885,0
DA:887,0
DA:888,0
DA:889,0
DA:903,0
DA:906,0
DA:907,0
DA:911,0
DA:913,0
DA:914,0
DA:915,0
DA:927,0
LF:266
LH:46
BRDA:105,0,0,0
BRDA:105,0,1,51
BRDA:115,1,0,1
BRDA:115,1,1,1
BRDA:115,2,0,2
BRDA:115,2,1,2
BRDA:167,3,0,0
BRDA:167,3,1,2
BRDA:167,4,0,2
BRDA:167,4,1,0
BRDA:221,5,0,27
BRDA:221,5,1,0
BRDA:221,6,0,27
BRDA:221,6,1,27
BRDA:226,7,0,0
BRDA:226,7,1,0
BRDA:228,8,0,0
BRDA:228,8,1,0
BRDA:228,9,0,0
BRDA:228,9,1,0
BRDA:238,10,0,27
BRDA:238,10,1,0
BRDA:238,11,0,27
BRDA:238,11,1,27
BRDA:249,12,0,0
BRDA:249,12,1,0
BRDA:255,13,0,0
BRDA:255,13,1,0
BRDA:255,14,0,0
BRDA:255,14,1,0
BRDA:262,15,0,0
BRDA:262,15,1,0
BRDA:270,16,0,0
BRDA:270,16,1,0
BRDA:283,17,0,0
BRDA:283,17,1,0
BRDA:283,18,0,0
BRDA:283,18,1,0
BRDA:291,19,0,0
BRDA:291,19,1,0
BRDA:308,20,0,0
BRDA:308,20,1,0
BRDA:321,21,0,0
BRDA:321,21,1,0
BRDA:321,21,2,0
BRDA:321,21,3,0
BRDA:328,22,0,0
BRDA:328,22,1,0
BRDA:328,22,2,0
BRDA:328,22,3,0
BRDA:328,22,4,0
BRDA:336,23,0,0
BRDA:336,23,1,0
BRDA:336,23,2,0
BRDA:336,23,3,0
BRDA:336,23,4,0
BRDA:336,23,5,0
BRDA:358,24,0,0
BRDA:358,24,1,0
BRDA:358,25,0,0
BRDA:358,25,1,0
BRDA:363,26,0,0
BRDA:363,26,1,0
BRDA:365,27,0,0
BRDA:365,27,1,0
BRDA:377,28,0,0
BRDA:377,28,1,0
BRDA:379,29,0,0
BRDA:379,29,1,0
BRDA:393,30,0,0
BRDA:393,30,1,0
BRDA:402,31,0,0
BRDA:402,31,1,0
BRDA:402,31,2,0
BRDA:403,32,0,0
BRDA:403,32,1,0
BRDA:424,33,0,0
BRDA:424,33,1,0
BRDA:424,34,0,0
BRDA:424,34,1,0
BRDA:429,35,0,0
BRDA:429,35,1,0
BRDA:435,36,0,0
BRDA:435,36,1,0
BRDA:436,37,0,0
BRDA:436,37,1,0
BRDA:471,38,0,2
BRDA:471,38,1,0
BRDA:471,39,0,2
BRDA:471,39,1,0
BRDA:471,39,2,0
BRDA:477,40,0,0
BRDA:477,40,1,0
BRDA:477,41,0,0
BRDA:477,41,1,0
BRDA:486,42,0,0
BRDA:486,42,1,0
BRDA:486,42,2,0
BRDA:486,42,3,0
BRDA:487,43,0,0
BRDA:487,43,1,0
BRDA:499,44,0,0
BRDA:499,44,1,4
BRDA:509,45,0,0
BRDA:509,45,1,0
BRDA:537,46,0,0
BRDA:537,46,1,0
BRDA:544,47,0,0
BRDA:544,47,1,0
BRDA:544,48,0,0
BRDA:544,48,1,0
BRDA:552,49,0,0
BRDA:552,49,1,0
BRDA:562,50,0,0
BRDA:562,50,1,0
BRDA:565,51,0,0
BRDA:565,51,1,0
BRDA:571,52,0,0
BRDA:571,52,1,0
BRDA:582,53,0,0
BRDA:582,53,1,0
BRDA:587,54,0,0
BRDA:587,54,1,0
BRDA:588,55,0,0
BRDA:588,55,1,0
BRDA:611,56,0,0
BRDA:611,56,1,0
BRDA:624,57,0,0
BRDA:624,57,1,0
BRDA:631,58,0,0
BRDA:631,58,1,0
BRDA:631,59,0,0
BRDA:631,59,1,0
BRDA:631,59,2,0
BRDA:633,60,0,0
BRDA:633,60,1,0
BRDA:648,61,0,0
BRDA:648,61,1,0
BRDA:648,62,0,0
BRDA:648,62,1,0
BRDA:648,62,2,0
BRDA:650,63,0,0
BRDA:650,63,1,0
BRDA:658,64,0,0
BRDA:658,64,1,0
BRDA:695,65,0,0
BRDA:695,65,1,0
BRDA:708,66,0,0
BRDA:708,66,1,0
BRDA:708,67,0,0
BRDA:708,67,1,0
BRDA:713,68,0,0
BRDA:713,68,1,0
BRDA:716,69,0,0
BRDA:716,69,1,0
BRDA:731,70,0,0
BRDA:731,70,1,1
BRDA:732,71,0,0
BRDA:732,71,1,0
BRDA:736,72,0,0
BRDA:736,72,1,1
BRDA:737,73,0,0
BRDA:737,73,1,0
BRDA:774,74,0,1
BRDA:774,74,1,0
BRDA:774,75,0,1
BRDA:774,75,1,0
BRDA:779,76,0,0
BRDA:779,76,1,0
BRDA:785,77,0,0
BRDA:785,77,1,0
BRDA:786,78,0,0
BRDA:786,78,1,0
BRDA:821,79,0,0
BRDA:821,79,1,0
BRDA:824,80,0,0
BRDA:824,80,1,0
BRDA:827,81,0,0
BRDA:827,81,1,0
BRDA:830,82,0,0
BRDA:830,82,1,0
BRDA:833,83,0,0
BRDA:833,83,1,0
BRDA:836,84,0,0
BRDA:836,84,1,0
BRDA:839,85,0,0
BRDA:839,85,1,0
BRDA:842,86,0,0
BRDA:842,86,1,0
BRDA:845,87,0,0
BRDA:845,87,1,0
BRDA:848,88,0,0
BRDA:848,88,1,0
BRDA:857,89,0,0
BRDA:857,89,1,0
BRDA:879,90,0,0
BRDA:879,90,1,0
BRDA:900,91,0,0
BRDA:911,92,0,0
BRDA:911,92,1,0
BRDA:911,93,0,0
BRDA:911,93,1,0
BRDA:911,93,2,0
BRDA:916,94,0,0
BRDA:916,94,1,0
BRDA:917,95,0,0
BRDA:917,95,1,0
BRDA:918,96,0,0
BRDA:918,96,1,0
BRDA:919,97,0,0
BRDA:919,97,1,0
BRDA:920,98,0,0
BRDA:920,98,1,0
BRDA:921,99,0,0
BRDA:921,99,1,0
BRDA:921,100,0,0
BRDA:921,100,1,0
BRDA:922,101,0,0
BRDA:922,101,1,0
BRF:219
BRH:20
end_of_record
TN:
SF:src/plugins/overlay/rectanglePlugin.ts
FN:39,(anonymous_0)
FN:43,(anonymous_1)
FN:50,(anonymous_2)
FN:54,(anonymous_3)
FN:64,(anonymous_4)
FN:73,(anonymous_5)
FN:82,(anonymous_6)
FN:95,(anonymous_7)
FN:127,(anonymous_8)
FN:158,(anonymous_9)
FN:165,(anonymous_10)
FN:171,(anonymous_11)
FN:184,(anonymous_12)
FN:191,(anonymous_13)
FN:202,(anonymous_14)
FN:210,(anonymous_15)
FN:241,(anonymous_16)
FN:298,(anonymous_17)
FN:306,(anonymous_18)
FN:311,(anonymous_19)
FN:318,(anonymous_20)
FN:326,(anonymous_21)
FN:332,(anonymous_22)
FN:380,(anonymous_23)
FN:401,(anonymous_24)
FN:437,(anonymous_25)
FN:457,(anonymous_26)
FN:463,(anonymous_27)
FN:464,(anonymous_28)
FN:472,(anonymous_29)
FN:473,(anonymous_30)
FN:481,(anonymous_31)
FN:487,(anonymous_32)
FN:491,(anonymous_33)
FNF:34
FNH:6
FNDA:11,(anonymous_0)
FNDA:10,(anonymous_1)
FNDA:10,(anonymous_2)
FNDA:1,(anonymous_3)
FNDA:5,(anonymous_4)
FNDA:0,(anonymous_5)
FNDA:0,(anonymous_6)
FNDA:10,(anonymous_7)
FNDA:0,(anonymous_8)
FNDA:0,(anonymous_9)
FNDA:0,(anonymous_10)
FNDA:0,(anonymous_11)
FNDA:0,(anonymous_12)
FNDA:0,(anonymous_13)
FNDA:0,(anonymous_14)
FNDA:0,(anonymous_15)
FNDA:0,(anonymous_16)
FNDA:0,(anonymous_17)
FNDA:0,(anonymous_18)
FNDA:0,(anonymous_19)
FNDA:0,(anonymous_20)
FNDA:0,(anonymous_21)
FNDA:0,(anonymous_22)
FNDA:0,(anonymous_23)
FNDA:0,(anonymous_24)
FNDA:0,(anonymous_25)
FNDA:0,(anonymous_26)
FNDA:0,(anonymous_27)
FNDA:0,(anonymous_28)
FNDA:0,(anonymous_29)
FNDA:0,(anonymous_30)
FNDA:0,(anonymous_31)
FNDA:0,(anonymous_32)
FNDA:0,(anonymous_33)
DA:27,11
DA:28,11
DA:29,11
DA:30,11
DA:31,11
DA:32,11
DA:33,11
DA:34,11
DA:36,11
DA:37,11
DA:40,11
DA:44,10
DA:45,10
DA:46,10
DA:51,10
DA:55,1
DA:56,0
DA:58,1
DA:59,1
DA:60,1
DA:61,1
DA:65,5
DA:66,5
DA:67,0
DA:74,0
DA:75,0
DA:79,0
DA:82,0
DA:83,0
DA:86,0
DA:87,0
DA:88,0
DA:89,0
DA:91,0
DA:96,10
DA:98,9
DA:100,9
DA:101,0
DA:102,0
DA:106,0
DA:111,0
DA:114,0
DA:115,0
DA:116,0
DA:117,0
DA:118,0
DA:121,0
DA:122,0
DA:128,0
DA:130,0
DA:132,0
DA:133,0
DA:134,0
DA:135,0
DA:136,0
DA:139,0
DA:140,0
DA:142,0
DA:143,0
DA:144,0
DA:148,0
DA:149,0
DA:150,0
DA:154,0
DA:159,0
DA:162,0
DA:166,0
DA:169,0
DA:171,0
DA:172,0
DA:175,0
DA:176,0
DA:185,0
DA:187,0
DA:189,0
DA:190,0
DA:191,0
DA:192,0
DA:193,0
DA:194,0
DA:195,0
DA:196,0
DA:202,0
DA:203,0
DA:204,0
DA:211,0
DA:213,0
DA:215,0
DA:216,0
DA:222,0
DA:225,0
DA:226,0
DA:227,0
DA:228,0
DA:233,0
DA:237,0
DA:242,0
DA:244,0
DA:246,0
DA:247,0
DA:249,0
DA:250,0
DA:251,0
DA:252,0
DA:254,0
DA:255,0
DA:259,0
DA:260,0
DA:261,0
DA:265,0
DA:266,0
DA:267,0
DA:268,0
DA:269,0
DA:270,0
DA:271,0
DA:272,0
DA:281,0
DA:282,0
DA:285,0
DA:286,0
DA:287,0
DA:288,0
DA:293,0
DA:299,0
DA:301,0
DA:302,0
DA:307,0
DA:308,0
DA:311,0
DA:312,0
DA:313,0
DA:319,0
DA:321,0
DA:323,0
DA:326,0
DA:327,0
DA:333,0
DA:335,0
DA:336,0
DA:339,0
DA:340,0
DA:342,0
DA:345,0
DA:346,0
DA:347,0
DA:348,0
DA:351,0
DA:352,0
DA:353,0
DA:357,0
DA:360,0
DA:363,0
DA:364,0
DA:365,0
DA:366,0
DA:367,0
DA:369,0
DA:370,0
DA:374,0
DA:375,0
DA:381,0
DA:383,0
DA:385,0
DA:390,0
DA:397,0
DA:402,0
DA:404,0
DA:405,0
DA:406,0
DA:409,0
DA:410,0
DA:411,0
DA:412,0
DA:415,0
DA:416,0
DA:417,0
DA:418,0
DA:419,0
DA:421,0
DA:422,0
DA:425,0
DA:429,0
DA:438,0
DA:440,0
DA:441,0
DA:444,0
DA:445,0
DA:446,0
DA:451,0
DA:453,0
DA:458,0
DA:459,0
DA:460,0
DA:464,0
DA:465,0
DA:466,0
DA:467,0
DA:468,0
DA:473,0
DA:474,0
DA:475,0
DA:476,0
DA:477,0
DA:482,0
DA:483,0
DA:484,0
DA:488,0
DA:492,0
DA:495,0
DA:498,0
DA:499,0
DA:500,0
DA:504,0
DA:505,0
DA:509,0
DA:510,0
DA:511,0
DA:512,0
DA:513,0
DA:514,0
LF:221
LH:25
BRDA:55,0,0,0
BRDA:55,0,1,1
BRDA:55,1,0,1
BRDA:55,1,1,0
BRDA:66,2,0,0
BRDA:66,2,1,5
BRDA:74,3,0,0
BRDA:74,3,1,0
BRDA:74,4,0,0
BRDA:74,4,1,0
BRDA:83,5,0,0
BRDA:83,5,1,0
BRDA:96,6,0,1
BRDA:96,6,1,9
BRDA:101,7,0,0
BRDA:101,7,1,0
BRDA:111,8,0,0
BRDA:111,8,1,0
BRDA:121,9,0,0
BRDA:121,9,1,0
BRDA:128,10,0,0
BRDA:128,10,1,0
BRDA:142,11,0,0
BRDA:142,11,1,0
BRDA:142,12,0,0
BRDA:142,12,1,0
BRDA:149,13,0,0
BRDA:149,13,1,0
BRDA:159,14,0,0
BRDA:159,14,1,0
BRDA:159,15,0,0
BRDA:159,15,1,0
BRDA:166,16,0,0
BRDA:166,16,1,0
BRDA:169,17,0,0
BRDA:169,17,1,0
BRDA:175,18,0,0
BRDA:175,18,1,0
BRDA:175,19,0,0
BRDA:175,19,1,0
BRDA:185,20,0,0
BRDA:185,20,1,0
BRDA:192,21,0,0
BRDA:192,21,1,0
BRDA:194,22,0,0
BRDA:194,22,1,0
BRDA:203,23,0,0
BRDA:203,23,1,0
BRDA:211,24,0,0
BRDA:211,24,1,0
BRDA:211,25,0,0
BRDA:211,25,1,0
BRDA:211,25,2,0
BRDA:225,26,0,0
BRDA:225,26,1,0
BRDA:225,27,0,0
BRDA:225,27,1,0
BRDA:242,28,0,0
BRDA:242,28,1,0
BRDA:242,29,0,0
BRDA:242,29,1,0
BRDA:259,30,0,0
BRDA:259,30,1,0
BRDA:259,31,0,0
BRDA:259,31,1,0
BRDA:260,32,0,0
BRDA:260,32,1,0
BRDA:261,33,0,0
BRDA:261,33,1,0
BRDA:265,34,0,0
BRDA:265,34,1,0
BRDA:265,35,0,0
BRDA:265,35,1,0
BRDA:265,35,2,0
BRDA:268,36,0,0
BRDA:268,36,1,0
BRDA:270,37,0,0
BRDA:270,37,1,0
BRDA:270,38,0,0
BRDA:270,38,1,0
BRDA:285,39,0,0
BRDA:285,39,1,0
BRDA:285,40,0,0
BRDA:285,40,1,0
BRDA:299,41,0,0
BRDA:299,41,1,0
BRDA:307,42,0,0
BRDA:307,42,1,0
BRDA:312,43,0,0
BRDA:312,43,1,0
BRDA:319,44,0,0
BRDA:319,44,1,0
BRDA:319,45,0,0
BRDA:319,45,1,0
BRDA:319,45,2,0
BRDA:333,46,0,0
BRDA:333,46,1,0
BRDA:333,47,0,0
BRDA:333,47,1,0
BRDA:340,48,0,0
BRDA:340,48,1,0
BRDA:352,49,0,0
BRDA:352,49,1,0
BRDA:363,50,0,0
BRDA:363,50,1,0
BRDA:363,51,0,0
BRDA:363,51,1,0
BRDA:366,52,0,0
BRDA:366,52,1,0
BRDA:374,53,0,0
BRDA:374,53,1,0
BRDA:381,54,0,0
BRDA:381,54,1,0
BRDA:381,55,0,0
BRDA:381,55,1,0
BRDA:402,56,0,0
BRDA:402,56,1,0
BRDA:402,57,0,0
BRDA:402,57,1,0
BRDA:409,58,0,0
BRDA:409,58,1,0
BRDA:410,59,0,0
BRDA:410,59,1,0
BRDA:415,60,0,0
BRDA:415,60,1,0
BRDA:417,61,0,0
BRDA:417,61,1,0
BRDA:419,62,0,0
BRDA:419,62,1,0
BRDA:425,63,0,0
BRDA:425,63,1,0
BRDA:438,64,0,0
BRDA:438,64,1,0
BRDA:445,65,0,0
BRDA:445,65,1,0
BRDA:445,66,0,0
BRDA:445,66,1,0
BRDA:453,67,0,0
BRDA:453,67,1,0
BRDA:465,68,0,0
BRDA:465,68,1,0
BRDA:474,69,0,0
BRDA:474,69,1,0
BRDA:498,70,0,0
BRDA:498,70,1,0
BRDA:504,71,0,0
BRDA:504,71,1,0
BRDA:504,72,0,0
BRDA:504,72,1,0
BRF:149
BRH:5
end_of_record
TN:
SF:src/plugins/series/bandSeriesPlugin.ts
FN:156,(anonymous_0)
FN:160,(anonymous_1)
FN:162,(anonymous_2)
FN:168,(anonymous_3)
FN:227,(anonymous_4)
FN:235,(anonymous_5)
FN:237,(anonymous_6)
FN:247,(anonymous_7)
FN:252,(anonymous_8)
FN:273,(anonymous_9)
FN:367,(anonymous_10)
FN:372,(anonymous_11)
FN:377,(anonymous_12)
FN:382,(anonymous_13)
FN:386,(anonymous_14)
FN:390,(anonymous_15)
FN:395,(anonymous_16)
FN:399,(anonymous_17)
FN:403,(anonymous_18)
FN:404,(anonymous_19)
FN:407,(anonymous_20)
FN:411,(anonymous_21)
FN:415,(anonymous_22)
FN:420,(anonymous_23)
FN:425,(anonymous_24)
FN:439,(anonymous_25)
FN:449,(anonymous_26)
FN:455,(anonymous_27)
FN:515,(anonymous_28)
FN:521,(anonymous_29)
FN:531,createBandSeries
FNF:31
FNH:4
FNDA:0,(anonymous_0)
FNDA:0,(anonymous_1)
FNDA:0,(anonymous_2)
FNDA:0,(anonymous_3)
FNDA:2,(anonymous_4)
FNDA:0,(anonymous_5)
FNDA:0,(anonymous_6)
FNDA:0,(anonymous_7)
FNDA:0,(anonymous_8)
FNDA:2,(anonymous_9)
FNDA:2,(anonymous_10)
FNDA:0,(anonymous_11)
FNDA:0,(anonymous_12)
FNDA:0,(anonymous_13)
FNDA:0,(anonymous_14)
FNDA:0,(anonymous_15)
FNDA:0,(anonymous_16)
FNDA:0,(anonymous_17)
FNDA:0,(anonymous_18)
FNDA:0,(anonymous_19)
FNDA:0,(anonymous_20)
FNDA:0,(anonymous_21)
FNDA:0,(anonymous_22)
FNDA:0,(anonymous_23)
FNDA:0,(anonymous_24)
FNDA:0,(anonymous_25)
FNDA:0,(anonymous_26)
FNDA:0,(anonymous_27)
FNDA:0,(anonymous_28)
FNDA:0,(anonymous_29)
FNDA:2,createBandSeries
DA:72,5
DA:157,0
DA:164,0
DA:165,0
DA:166,0
DA:168,0
DA:169,0
DA:170,0
DA:173,0
DA:176,0
DA:177,0
DA:180,0
DA:184,0
DA:188,0
DA:189,0
DA:190,0
DA:191,0
DA:192,0
DA:194,0
DA:195,0
DA:197,0
DA:198,0
DA:202,0
DA:206,0
DA:207,0
DA:208,0
DA:209,0
DA:210,0
DA:212,0
DA:213,0
DA:215,0
DA:216,0
DA:228,2
DA:229,2
DA:236,0
DA:237,0
DA:238,0
DA:248,0
DA:253,0
DA:255,0
DA:256,0
DA:259,0
DA:270,2
DA:274,2
DA:275,2
DA:276,2
DA:279,2
DA:305,2
DA:331,2
DA:358,2
DA:362,0
DA:368,2
DA:373,0
DA:378,0
DA:383,0
DA:387,0
DA:391,0
DA:404,0
DA:408,0
DA:412,0
DA:415,0
DA:420,0
DA:425,0
DA:431,0
DA:432,0
DA:433,0
DA:436,0
DA:441,0
DA:442,0
DA:443,0
DA:446,0
DA:450,0
DA:451,0
DA:452,0
DA:456,0
DA:459,0
DA:463,0
DA:464,0
DA:479,0
DA:480,0
DA:495,0
DA:496,0
DA:512,0
DA:516,0
DA:517,0
DA:518,0
DA:522,0
DA:535,2
LF:88
LH:13
BRDA:164,0,0,0
BRDA:164,0,1,0
BRDA:166,1,0,0
BRDA:166,1,1,0
BRDA:173,2,0,0
BRDA:173,2,1,0
BRDA:184,3,0,0
BRDA:184,3,1,0
BRDA:185,4,0,0
BRDA:185,4,1,0
BRDA:202,5,0,0
BRDA:202,5,1,0
BRDA:203,6,0,0
BRDA:203,6,1,0
BRDA:239,7,0,0
BRDA:239,7,1,0
BRDA:240,8,0,0
BRDA:240,8,1,0
BRDA:241,9,0,0
BRDA:241,9,1,0
BRDA:242,10,0,0
BRDA:242,10,1,0
BRDA:255,11,0,0
BRDA:255,11,1,0
BRDA:255,12,0,0
BRDA:255,12,1,0
BRDA:273,13,0,0
BRDA:280,14,0,2
BRDA:280,14,1,0
BRDA:281,15,0,2
BRDA:281,15,1,2
BRDA:282,16,0,2
BRDA:282,16,1,0
BRDA:287,17,0,2
BRDA:287,17,1,0
BRDA:288,18,0,2
BRDA:288,18,1,0
BRDA:292,19,0,2
BRDA:292,19,1,0
BRDA:294,20,0,2
BRDA:294,20,1,0
BRDA:297,21,0,2
BRDA:297,21,1,2
BRDA:298,22,0,2
BRDA:298,22,1,2
BRDA:299,23,0,2
BRDA:299,23,1,2
BRDA:300,24,0,2
BRDA:300,24,1,2
BRDA:301,25,0,2
BRDA:301,25,1,2
BRDA:302,26,0,2
BRDA:302,26,1,2
BRDA:306,27,0,2
BRDA:306,27,1,0
BRDA:307,28,0,2
BRDA:307,28,1,2
BRDA:308,29,0,2
BRDA:308,29,1,0
BRDA:313,30,0,2
BRDA:313,30,1,0
BRDA:314,31,0,2
BRDA:314,31,1,0
BRDA:318,32,0,2
BRDA:318,32,1,0
BRDA:320,33,0,2
BRDA:320,33,1,0
BRDA:323,34,0,2
BRDA:323,34,1,2
BRDA:324,35,0,2
BRDA:324,35,1,2
BRDA:325,36,0,2
BRDA:325,36,1,2
BRDA:326,37,0,2
BRDA:326,37,1,2
BRDA:327,38,0,2
BRDA:327,38,1,2
BRDA:328,39,0,2
BRDA:328,39,1,2
BRDA:332,40,0,2
BRDA:332,40,1,0
BRDA:333,41,0,2
BRDA:333,41,1,2
BRDA:334,42,0,2
BRDA:334,42,1,0
BRDA:339,43,0,2
BRDA:339,43,1,0
BRDA:340,44,0,2
BRDA:340,44,1,0
BRDA:344,45,0,2
BRDA:344,45,1,0
BRDA:346,46,0,2
BRDA:346,46,1,0
BRDA:349,47,0,2
BRDA:349,47,1,2
BRDA:350,48,0,2
BRDA:350,48,1,2
BRDA:351,49,0,2
BRDA:351,49,1,2
BRDA:352,50,0,2
BRDA:352,50,1,2
BRDA:353,51,0,2
BRDA:353,51,1,2
BRDA:354,52,0,2
BRDA:354,52,1,2
BRDA:362,53,0,0
BRDA:362,53,1,0
BRDA:459,54,0,0
BRDA:459,54,1,0
BRDA:463,55,0,0
BRDA:463,55,1,0
BRDA:467,56,0,0
BRDA:467,56,1,0
BRDA:479,57,0,0
BRDA:479,57,1,0
BRDA:483,58,0,0
BRDA:483,58,1,0
BRDA:495,59,0,0
BRDA:495,59,1,0
BRDA:499,60,0,0
BRDA:499,60,1,0
BRDA:533,61,0,0
BRF:122
BRH:60
end_of_record
TN:
SF:src/plugins/series/gradientRibbonSeriesPlugin.ts
FN:63,interpolateColor
FN:68,(anonymous_1)
FN:91,parseTime
FN:124,(anonymous_3)
FN:127,(anonymous_4)
FN:131,(anonymous_5)
FN:139,(anonymous_6)
FN:142,(anonymous_7)
FN:153,(anonymous_8)
FN:164,(anonymous_9)
FN:213,(anonymous_10)
FN:242,(anonymous_11)
FN:300,(anonymous_12)
FN:310,(anonymous_13)
FN:326,(anonymous_14)
FN:377,(anonymous_15)
FN:383,(anonymous_16)
FN:398,(anonymous_17)
FN:424,(anonymous_18)
FN:438,(anonymous_19)
FN:447,(anonymous_20)
FN:473,(anonymous_21)
FN:474,(anonymous_22)
FN:482,(anonymous_23)
FN:487,(anonymous_24)
FN:497,(anonymous_25)
FN:504,(anonymous_26)
FN:510,(anonymous_27)
FN:526,(anonymous_28)
FN:530,(anonymous_29)
FN:547,(anonymous_30)
FN:556,(anonymous_31)
FN:560,(anonymous_32)
FN:561,(anonymous_33)
FN:568,(anonymous_34)
FN:572,(anonymous_35)
FN:576,(anonymous_36)
FN:581,createGradientRibbonSeries
FNF:38
FNH:0
FNDA:0,interpolateColor
FNDA:0,(anonymous_1)
FNDA:0,parseTime
FNDA:0,(anonymous_3)
FNDA:0,(anonymous_4)
FNDA:0,(anonymous_5)
FNDA:0,(anonymous_6)
FNDA:0,(anonymous_7)
FNDA:0,(anonymous_8)
FNDA:0,(anonymous_9)
FNDA:0,(anonymous_10)
FNDA:0,(anonymous_11)
FNDA:0,(anonymous_12)
FNDA:0,(anonymous_13)
FNDA:0,(anonymous_14)
FNDA:0,(anonymous_15)
FNDA:0,(anonymous_16)
FNDA:0,(anonymous_17)
FNDA:0,(anonymous_18)
FNDA:0,(anonymous_19)
FNDA:0,(anonymous_20)
FNDA:0,(anonymous_21)
FNDA:0,(anonymous_22)
FNDA:0,(anonymous_23)
FNDA:0,(anonymous_24)
FNDA:0,(anonymous_25)
FNDA:0,(anonymous_26)
FNDA:0,(anonymous_27)
FNDA:0,(anonymous_28)
FNDA:0,(anonymous_29)
FNDA:0,(anonymous_30)
FNDA:0,(anonymous_31)
FNDA:0,(anonymous_32)
FNDA:0,(anonymous_33)
FNDA:0,(anonymous_34)
FNDA:0,(anonymous_35)
FNDA:0,(anonymous_36)
FNDA:0,createGradientRibbonSeries
DA:65,0
DA:68,0
DA:69,0
DA:70,0
DA:77,0
DA:78,0
DA:79,0
DA:81,0
DA:82,0
DA:83,0
DA:85,0
DA:87,0
DA:92,0
DA:93,0
DA:94,0
DA:95,0
DA:97,0
DA:100,0
DA:101,0
DA:102,0
DA:103,0
DA:104,0
DA:106,0
DA:109,0
DA:110,0
DA:111,0
DA:113,0
DA:116,0
DA:118,0
DA:125,0
DA:128,0
DA:129,0
DA:131,0
DA:132,0
DA:133,0
DA:135,0
DA:136,0
DA:140,0
DA:142,0
DA:143,0
DA:144,0
DA:145,0
DA:148,0
DA:149,0
DA:154,0
DA:156,0
DA:157,0
DA:161,0
DA:169,0
DA:170,0
DA:171,0
DA:173,0
DA:174,0
DA:175,0
DA:176,0
DA:180,0
DA:181,0
DA:184,0
DA:185,0
DA:187,0
DA:188,0
DA:190,0
DA:191,0
DA:193,0
DA:194,0
DA:196,0
DA:198,0
DA:199,0
DA:202,0
DA:203,0
DA:205,0
DA:206,0
DA:209,0
DA:210,0
DA:212,0
DA:213,0
DA:215,0
DA:216,0
DA:217,0
DA:218,0
DA:219,0
DA:222,0
DA:223,0
DA:224,0
DA:227,0
DA:228,0
DA:229,0
DA:230,0
DA:231,0
DA:232,0
DA:233,0
DA:243,0
DA:245,0
DA:246,0
DA:249,0
DA:250,0
DA:251,0
DA:253,0
DA:254,0
DA:255,0
DA:256,0
DA:260,0
DA:262,0
DA:263,0
DA:265,0
DA:266,0
DA:268,0
DA:269,0
DA:271,0
DA:272,0
DA:273,0
DA:275,0
DA:276,0
DA:279,0
DA:280,0
DA:281,0
DA:282,0
DA:285,0
DA:286,0
DA:287,0
DA:289,0
DA:290,0
DA:293,0
DA:294,0
DA:295,0
DA:296,0
DA:301,0
DA:311,0
DA:312,0
DA:323,0
DA:327,0
DA:328,0
DA:329,0
DA:331,0
DA:332,0
DA:335,0
DA:336,0
DA:337,0
DA:338,0
DA:340,0
DA:341,0
DA:343,0
DA:344,0
DA:345,0
DA:348,0
DA:349,0
DA:350,0
DA:351,0
DA:352,0
DA:353,0
DA:354,0
DA:355,0
DA:360,0
DA:362,0
DA:365,0
DA:366,0
DA:373,0
DA:374,0
DA:383,0
DA:384,0
DA:385,0
DA:386,0
DA:387,0
DA:389,0
DA:401,0
DA:403,0
DA:404,0
DA:407,0
DA:408,0
DA:409,0
DA:410,0
DA:414,0
DA:415,0
DA:416,0
DA:417,0
DA:421,0
DA:425,0
DA:432,0
DA:434,0
DA:435,0
DA:439,0
DA:440,0
DA:441,0
DA:444,0
DA:448,0
DA:449,0
DA:457,0
DA:466,0
DA:474,0
DA:479,0
DA:486,0
DA:487,0
DA:488,0
DA:490,0
DA:504,0
DA:511,0
DA:513,0
DA:515,0
DA:516,0
DA:518,0
DA:519,0
DA:522,0
DA:527,0
DA:531,0
DA:533,0
DA:534,0
DA:539,0
DA:540,0
DA:548,0
DA:549,0
DA:551,0
DA:552,0
DA:557,0
DA:561,0
[...]
FN:344,(anonymous_39)
FN:345,(anonymous_40)
FN:358,createOptimizedStyles
FN:367,(anonymous_42)
FN:411,(anonymous_43)
FNF:44
FNH:7
FNDA:0,(anonymous_0)
FNDA:0,(anonymous_1)
FNDA:0,(anonymous_2)
FNDA:4,perfLogFn
FNDA:0,deepCompare
FNDA:0,getCachedDOMElement
FNDA:0,(anonymous_6)
FNDA:6,getCachedDOMElementForTesting
FNDA:0,debounce
FNDA:0,executedFunction
FNDA:0,(anonymous_10)
FNDA:0,throttle
FNDA:0,executedFunction
FNDA:0,(anonymous_13)
FNDA:10,memoize
FNDA:39,(anonymous_15)
FNDA:0,batchDOMUpdates
FNDA:0,(anonymous_17)
FNDA:0,(anonymous_18)
FNDA:0,(anonymous_19)
FNDA:0,(anonymous_20)
FNDA:0,(anonymous_21)
FNDA:0,(anonymous_22)
FNDA:0,(anonymous_23)
FNDA:0,(anonymous_24)
FNDA:0,(anonymous_25)
FNDA:0,(anonymous_26)
FNDA:0,(anonymous_27)
FNDA:0,(anonymous_28)
FNDA:0,(anonymous_29)
FNDA:0,shallowEqual
FNDA:0,deepEqual
FNDA:0,arrayEquals
FNDA:0,(anonymous_33)
FNDA:0,shallowClone
FNDA:0,createIntersectionObserver
FNDA:0,(anonymous_36)
FNDA:0,(anonymous_37)
FNDA:0,(anonymous_38)
FNDA:0,(anonymous_39)
FNDA:0,(anonymous_40)
FNDA:7,createOptimizedStyles
FNDA:8,(anonymous_42)
FNDA:39,(anonymous_43)
DA:6,5
DA:8,5
DA:10,0
DA:15,0
DA:25,4
DA:26,4
DA:27,4
DA:28,3
DA:29,2
DA:30,2
DA:33,3
DA:35,1
DA:36,1
DA:37,1
DA:40,1
DA:46,0
DA:48,0
DA:49,0
DA:52,0
DA:53,0
DA:55,0
DA:57,0
DA:58,0
DA:60,0
DA:61,0
DA:63,0
DA:64,0
DA:65,0
DA:66,0
DA:70,0
DA:74,5
DA:77,0
DA:78,0
DA:81,0
DA:82,0
DA:85,0
DA:86,0
DA:89,0
DA:98,6
DA:99,2
DA:102,4
DA:103,1
DA:106,3
DA:107,3
DA:108,2
DA:111,3
DA:120,0
DA:122,0
DA:123,0
DA:124,0
DA:125,0
DA:128,0
DA:130,0
DA:131,0
DA:133,0
DA:144,0
DA:145,0
DA:146,0
DA:147,0
DA:148,0
DA:158,10
DA:160,10
DA:161,39
DA:163,39
DA:164,31
DA:167,8
DA:168,8
DA:169,8
DA:175,0
DA:176,0
DA:177,0
DA:180,0
DA:185,5
DA:187,0
DA:188,0
DA:195,0
DA:201,0
DA:204,0
DA:205,0
DA:207,0
DA:211,0
DA:212,0
DA:213,0
DA:214,0
DA:215,0
DA:217,0
DA:220,0
DA:221,0
DA:229,0
DA:231,0
DA:232,0
DA:233,0
DA:234,0
DA:235,0
DA:242,0
DA:243,0
DA:244,0
DA:245,0
DA:254,0
DA:258,0
DA:264,0
DA:266,0
DA:267,0
DA:270,0
DA:271,0
DA:273,0
DA:275,0
DA:276,0
DA:277,0
DA:281,0
DA:286,0
DA:291,0
DA:292,0
DA:297,0
DA:298,0
DA:300,0
DA:301,0
DA:303,0
DA:311,0
DA:320,5
DA:323,0
DA:324,0
DA:325,0
DA:327,0
DA:328,0
DA:332,0
DA:333,0
DA:334,0
DA:335,0
DA:336,0
DA:337,0
DA:338,0
DA:344,0
DA:345,0
DA:347,0
DA:350,0
DA:355,5
DA:359,7
DA:360,2
DA:362,5
DA:366,5
DA:373,8
DA:412,39
LF:143
LH:39
BRDA:10,0,0,0
BRDA:10,0,1,0
BRDA:15,1,0,0
BRDA:15,1,1,0
BRDA:25,2,0,4
BRDA:25,2,1,1
BRDA:28,3,0,2
BRDA:28,3,1,1
BRDA:28,4,0,3
BRDA:28,4,1,3
BRDA:28,4,2,3
BRDA:35,5,0,1
BRDA:35,5,1,0
BRDA:35,6,0,1
BRDA:35,6,1,1
BRDA:35,6,2,1
BRDA:46,7,0,0
BRDA:46,7,1,0
BRDA:48,8,0,0
BRDA:48,8,1,0
BRDA:48,9,0,0
BRDA:48,9,1,0
BRDA:48,9,2,0
BRDA:48,9,3,0
BRDA:55,10,0,0
BRDA:55,10,1,0
BRDA:58,11,0,0
BRDA:58,11,1,0
BRDA:63,12,0,0
BRDA:63,12,1,0
BRDA:63,13,0,0
BRDA:63,13,1,0
BRDA:64,14,0,0
BRDA:64,14,1,0
BRDA:65,15,0,0
BRDA:65,15,1,0
BRDA:77,16,0,0
BRDA:77,16,1,0
BRDA:78,17,0,0
BRDA:78,17,1,0
BRDA:98,18,0,2
BRDA:98,18,1,4
BRDA:99,19,0,2
BRDA:99,19,1,0
BRDA:102,20,0,1
BRDA:102,20,1,3
BRDA:102,21,0,4
BRDA:102,21,1,3
BRDA:107,22,0,2
BRDA:107,22,1,1
BRDA:118,23,0,0
BRDA:125,24,0,0
BRDA:125,24,1,0
BRDA:128,25,0,0
BRDA:128,25,1,0
BRDA:130,26,0,0
BRDA:130,26,1,0
BRDA:133,27,0,0
BRDA:133,27,1,0
BRDA:145,28,0,0
BRDA:145,28,1,0
BRDA:161,29,0,39
BRDA:161,29,1,0
BRDA:163,30,0,31
BRDA:163,30,1,8
BRDA:175,31,0,0
BRDA:175,31,1,0
BRDA:204,32,0,0
BRDA:204,32,1,0
BRDA:214,33,0,0
BRDA:214,33,1,0
BRDA:220,34,0,0
BRDA:220,34,1,0
BRDA:220,35,0,0
BRDA:220,35,1,0
BRDA:231,36,0,0
BRDA:231,36,1,0
BRDA:233,37,0,0
BRDA:233,37,1,0
BRDA:233,38,0,0
BRDA:233,38,1,0
BRDA:243,39,0,0
BRDA:243,39,1,0
BRDA:264,40,0,0
BRDA:264,40,1,0
BRDA:266,41,0,0
BRDA:266,41,1,0
BRDA:266,42,0,0
BRDA:266,42,1,0
BRDA:266,42,2,0
BRDA:266,42,3,0
BRDA:273,43,0,0
BRDA:273,43,1,0
BRDA:276,44,0,0
BRDA:276,44,1,0
BRDA:276,45,0,0
BRDA:276,45,1,0
BRDA:291,46,0,0
BRDA:291,46,1,0
BRDA:297,47,0,0
BRDA:297,47,1,0
BRDA:300,48,0,0
BRDA:300,48,1,0
BRDA:300,49,0,0
BRDA:300,49,1,0
BRDA:309,50,0,0
BRDA:324,51,0,0
BRDA:324,51,1,0
BRDA:334,52,0,0
BRDA:334,52,1,0
BRDA:337,53,0,0
BRDA:337,53,1,0
BRDA:359,54,0,2
BRDA:359,54,1,5
BRDA:359,55,0,7
BRDA:359,55,1,6
BRDA:371,56,0,0
BRDA:380,57,0,7
BRDA:380,57,1,1
BRDA:380,58,0,8
BRDA:380,58,1,8
BRDA:382,59,0,1
BRDA:382,59,1,0
BRDA:384,60,0,0
BRDA:384,60,1,0
BRDA:385,61,0,0
BRDA:385,61,1,8
BRDA:387,62,0,8
BRDA:387,62,1,0
BRDA:389,63,0,0
BRDA:389,63,1,0
BRDA:390,64,0,8
BRDA:390,64,1,8
BRDA:390,65,0,0
BRDA:390,65,1,8
BRDA:391,66,0,8
BRDA:391,66,1,8
BRDA:391,67,0,0
BRDA:391,67,1,8
BRDA:397,68,0,7
BRDA:397,68,1,1
BRDA:397,69,0,8
BRDA:397,69,1,8
BRDA:399,70,0,1
BRDA:399,70,1,0
BRDA:401,71,0,0
BRDA:401,71,1,0
BRDA:402,72,0,0
BRDA:402,72,1,8
BRDA:404,73,0,8
BRDA:404,73,1,0
BRDA:406,74,0,0
BRDA:406,74,1,0
BRF:153
BRH:47
end_of_record
TN:
SF:src/utils/performanceMonitoring.ts
FN:38,(anonymous_0)
FN:48,(anonymous_1)
FN:59,(anonymous_2)
FN:61,(anonymous_3)
FN:68,(anonymous_4)
FN:91,(anonymous_5)
FN:92,(anonymous_6)
FN:95,(anonymous_7)
FN:104,(anonymous_8)
FN:116,(anonymous_9)
FN:140,(anonymous_10)
FN:170,(anonymous_11)
FN:178,(anonymous_12)
FN:179,(anonymous_13)
FN:188,(anonymous_14)
FN:193,(anonymous_15)
FN:223,(anonymous_16)
FN:253,(anonymous_17)
FN:271,(anonymous_18)
FN:275,(anonymous_19)
FN:276,(anonymous_20)
FN:284,(anonymous_21)
FN:285,(anonymous_22)
FN:304,(anonymous_23)
FN:306,(anonymous_24)
FN:329,(anonymous_25)
FN:344,(anonymous_26)
FN:352,measureExecutionTime
FN:359,(anonymous_28)
FN:368,(anonymous_29)
FN:385,usePerformanceMonitoring
FN:388,(anonymous_31)
FN:394,(anonymous_32)
FNF:33
FNH:0
FNDA:0,(anonymous_0)
FNDA:0,(anonymous_1)
FNDA:0,(anonymous_2)
FNDA:0,(anonymous_3)
FNDA:0,(anonymous_4)
FNDA:0,(anonymous_5)
FNDA:0,(anonymous_6)
FNDA:0,(anonymous_7)
FNDA:0,(anonymous_8)
FNDA:0,(anonymous_9)
FNDA:0,(anonymous_10)
FNDA:0,(anonymous_11)
FNDA:0,(anonymous_12)
FNDA:0,(anonymous_13)
FNDA:0,(anonymous_14)
FNDA:0,(anonymous_15)
FNDA:0,(anonymous_16)
FNDA:0,(anonymous_17)
FNDA:0,(anonymous_18)
FNDA:0,(anonymous_19)
FNDA:0,(anonymous_20)
FNDA:0,(anonymous_21)
FNDA:0,(anonymous_22)
FNDA:0,(anonymous_23)
FNDA:0,(anonymous_24)
FNDA:0,(anonymous_25)
FNDA:0,(anonymous_26)
FNDA:0,measureExecutionTime
FNDA:0,(anonymous_28)
FNDA:0,(anonymous_29)
FNDA:0,usePerformanceMonitoring
FNDA:0,(anonymous_31)
FNDA:0,(anonymous_32)
DA:34,0
DA:35,0
DA:36,0
DA:39,0
DA:40,0
DA:42,0
DA:49,0
DA:51,0
DA:52,0
DA:53,0
DA:60,0
DA:61,0
DA:62,0
DA:73,0
DA:75,0
DA:83,0
DA:84,0
DA:92,0
DA:94,0
DA:95,0
DA:96,0
DA:97,0
DA:105,0
DA:107,0
DA:108,0
DA:109,0
DA:110,0
DA:117,0
DA:124,0
DA:126,0
DA:129,0
DA:130,0
DA:134,0
DA:137,0
DA:138,0
DA:140,0
DA:141,0
DA:142,0
DA:143,0
DA:146,0
DA:147,0
DA:151,0
DA:152,0
DA:153,0
DA:158,0
DA:159,0
DA:164,0
DA:171,0
DA:172,0
DA:173,0
DA:174,0
DA:177,0
DA:178,0
DA:180,0
DA:181,0
DA:182,0
DA:184,0
DA:188,0
DA:189,0
DA:190,0
DA:193,0
DA:194,0
DA:195,0
DA:199,0
DA:200,0
DA:205,0
DA:206,0
DA:212,0
DA:228,0
DA:229,0
DA:230,0
DA:233,0
DA:235,0
DA:238,0
DA:239,0
DA:242,0
DA:244,0
DA:247,0
DA:249,0
DA:253,0
DA:256,0
DA:258,0
DA:261,0
DA:272,0
DA:274,0
DA:275,0
DA:276,0
DA:277,0
DA:280,0
DA:281,0
DA:284,0
DA:285,0
DA:286,0
DA:293,0
DA:294,0
DA:306,0
DA:307,0
DA:308,0
DA:313,0
DA:314,0
DA:322,0
DA:323,0
DA:330,0
DA:345,0
DA:357,0
DA:359,0
DA:360,0
DA:361,0
DA:363,0
DA:364,0
DA:367,0
DA:368,0
DA:371,0
DA:372,0
DA:374,0
DA:375,0
DA:379,0
DA:386,0
DA:388,0
DA:389,0
DA:390,0
DA:393,0
DA:395,0
DA:400,0
DA:404,0
DA:405,0
LF:126
LH:0
BRDA:39,0,0,0
BRDA:39,0,1,0
BRDA:49,1,0,0
BRDA:49,1,1,0
BRDA:71,2,0,0
BRDA:73,3,0,0
BRDA:73,3,1,0
BRDA:83,4,0,0
BRDA:83,4,1,0
BRDA:92,5,0,0
BRDA:92,5,1,0
BRDA:105,6,0,0
BRDA:105,6,1,0
BRDA:129,7,0,0
BRDA:129,7,1,0
BRDA:141,8,0,0
BRDA:141,8,1,0
BRDA:141,9,0,0
BRDA:141,9,1,0
BRDA:142,10,0,0
BRDA:142,10,1,0
BRDA:146,11,0,0
BRDA:146,11,1,0
BRDA:146,12,0,0
BRDA:146,12,1,0
BRDA:152,13,0,0
BRDA:152,13,1,0
BRDA:159,14,0,0
BRDA:159,14,1,0
BRDA:178,15,0,0
BRDA:178,15,1,0
BRDA:181,16,0,0
BRDA:181,16,1,0
BRDA:189,17,0,0
BRDA:189,17,1,0
BRDA:194,18,0,0
BRDA:194,18,1,0
BRDA:205,19,0,0
BRDA:205,19,1,0
BRDA:233,20,0,0
BRDA:233,20,1,0
BRDA:238,21,0,0
BRDA:238,21,1,0
BRDA:242,22,0,0
BRDA:242,22,1,0
BRDA:247,23,0,0
BRDA:247,23,1,0
BRDA:256,24,0,0
BRDA:256,24,1,0
BRDA:274,25,0,0
BRDA:274,25,1,0
BRDA:288,26,0,0
BRDA:288,26,1,0
BRDA:313,27,0,0
BRDA:313,27,1,0
BRDA:367,28,0,0
BRDA:367,28,1,0
BRDA:367,29,0,0
BRDA:367,29,1,0
BRDA:404,30,0,0
BRDA:404,30,1,0
BRF:61
BRH:0
end_of_record
TN:
SF:src/utils/resizeObserverManager.ts
FN:14,(anonymous_0)
FN:32,(anonymous_1)
FN:45,(anonymous_2)
FN:56,(anonymous_3)
FN:74,(anonymous_4)
FN:88,(anonymous_5)
FN:95,(anonymous_6)
FN:102,(anonymous_7)
FN:103,(anonymous_8)
FN:116,(anonymous_9)
FN:123,(anonymous_10)
FN:124,(anonymous_11)
FN:134,(anonymous_12)
FN:135,(anonymous_13)
FNF:14
FNH:7
FNDA:14,(anonymous_0)
FNDA:4,(anonymous_1)
FNDA:4,(anonymous_2)
FNDA:4,(anonymous_3)
FNDA:14,(anonymous_4)
FNDA:0,(anonymous_5)
FNDA:0,(anonymous_6)
FNDA:34,(anonymous_7)
FNDA:14,(anonymous_8)
FNDA:0,(anonymous_9)
FNDA:0,(anonymous_10)
FNDA:0,(anonymous_11)
FNDA:0,(anonymous_12)
FNDA:0,(anonymous_13)
DA:5,35
DA:6,35
DA:24,14
DA:26,14
DA:29,14
DA:30,14
DA:32,14
DA:33,4
DA:36,4
DA:37,0
DA:41,4
DA:42,4
DA:43,0
DA:45,4
DA:46,4
DA:47,4
DA:50,0
DA:51,0
DA:55,14
DA:56,14
DA:58,4
DA:59,4
DA:61,0
DA:65,14
DA:66,14
DA:67,14
DA:75,14
DA:76,14
DA:77,0
DA:78,0
DA:79,0
DA:80,0
DA:89,0
DA:96,0
DA:103,34
DA:104,14
DA:105,14
DA:109,34
DA:110,34
DA:117,0
DA:124,0
DA:125,0
DA:126,0
DA:135,0
LF:44
LH:28
BRDA:18,0,0,0
BRDA:26,1,0,0
BRDA:26,2,0,0
BRDA:36,3,0,0
BRDA:36,3,1,4
BRDA:41,4,0,4
BRDA:41,4,1,0
BRDA:42,5,0,0
BRDA:42,5,1,4
BRDA:58,6,0,4
BRDA:58,6,1,0
BRDA:76,7,0,0
BRDA:76,7,1,14
BRF:13
BRH:5
end_of_record
TN:
SF:src/utils/seriesFactory.ts
FN:33,createSeries
FN:171,(anonymous_1)
FN:176,(anonymous_2)
FN:181,(anonymous_3)
FN:186,(anonymous_4)
FN:193,(anonymous_5)
FN:236,(anonymous_6)
FN:241,(anonymous_7)
FN:247,(anonymous_8)
FN:252,(anonymous_9)
FN:259,(anonymous_10)
FN:273,(anonymous_11)
FN:310,(anonymous_12)
FN:315,(anonymous_13)
FN:320,(anonymous_14)
FN:325,(anonymous_15)
FN:332,(anonymous_16)
FN:359,(anonymous_17)
FN:364,(anonymous_18)
FN:369,(anonymous_19)
FN:379,(anonymous_20)
FN:386,(anonymous_21)
FN:429,(anonymous_22)
FN:436,(anonymous_23)
FN:443,(anonymous_24)
FN:450,(anonymous_25)
FN:457,(anonymous_26)
FN:497,(anonymous_27)
FN:662,(anonymous_28)
FN:750,applyTimestampSnapping
FN:757,(anonymous_30)
FN:765,(anonymous_31)
FN:772,(anonymous_32)
FN:775,(anonymous_33)
FNF:34
FNH:2
FNDA:26,createSeries
FNDA:0,(anonymous_1)
FNDA:0,(anonymous_2)
FNDA:0,(anonymous_3)
FNDA:0,(anonymous_4)
FNDA:0,(anonymous_5)
FNDA:0,(anonymous_6)
FNDA:0,(anonymous_7)
FNDA:0,(anonymous_8)
FNDA:0,(anonymous_9)
FNDA:0,(anonymous_10)
FNDA:0,(anonymous_11)
FNDA:0,(anonymous_12)
FNDA:0,(anonymous_13)
FNDA:0,(anonymous_14)
FNDA:0,(anonymous_15)
FNDA:0,(anonymous_16)
FNDA:0,(anonymous_17)
FNDA:0,(anonymous_18)
FNDA:0,(anonymous_19)
FNDA:0,(anonymous_20)
FNDA:0,(anonymous_21)
FNDA:0,(anonymous_22)
FNDA:0,(anonymous_23)
FNDA:0,(anonymous_24)
FNDA:0,(anonymous_25)
FNDA:0,(anonymous_26)
FNDA:2,(anonymous_27)
FNDA:0,(anonymous_28)
FNDA:0,applyTimestampSnapping
FNDA:0,(anonymous_30)
FNDA:0,(anonymous_31)
FNDA:0,(anonymous_32)
FNDA:0,(anonymous_33)
DA:40,26
DA:43,26
DA:44,1
DA:47,25
DA:48,1
DA:51,24
DA:52,1
DA:56,23
DA:57,1
DA:73,22
DA:76,22
DA:78,22
DA:80,22
DA:82,22
DA:84,22
DA:86,22
DA:88,22
DA:91,22
DA:94,22
DA:95,22
DA:96,22
DA:100,22
DA:102,2
DA:119,2
DA:120,0
DA:122,2
DA:123,2
DA:124,2
DA:125,0
DA:130,2
DA:133,2
DA:134,2
DA:166,2
DA:167,0
DA:168,0
DA:170,0
DA:172,0
DA:173,0
DA:177,0
DA:178,0
DA:182,0
DA:183,0
DA:187,0
DA:188,0
DA:190,0
DA:194,0
DA:195,0
DA:200,2
DA:204,0
DA:205,0
DA:230,0
DA:231,0
DA:232,0
DA:235,0
DA:237,0
DA:238,0
DA:242,0
DA:244,0
DA:248,0
DA:249,0
DA:253,0
DA:254,0
DA:256,0
DA:260,0
DA:267,0
DA:271,0
DA:273,0
DA:274,0
DA:275,0
DA:281,0
DA:291,0
DA:304,0
DA:305,0
DA:306,0
DA:309,0
DA:311,0
DA:312,0
DA:316,0
DA:317,0
DA:321,0
DA:322,0
DA:326,0
DA:327,0
DA:329,0
DA:333,0
DA:334,0
DA:339,0
DA:343,0
DA:344,0
DA:355,0
DA:356,0
DA:358,0
DA:360,0
DA:361,0
DA:365,0
DA:366,0
DA:370,0
DA:371,0
DA:380,0
DA:381,0
DA:383,0
DA:387,0
DA:388,0
DA:389,0
DA:390,0
DA:396,0
DA:400,0
DA:402,0
DA:422,0
DA:423,0
DA:426,0
DA:428,0
DA:430,0
DA:431,0
DA:437,0
DA:438,0
DA:444,0
DA:445,0
DA:451,0
DA:452,0
DA:454,0
DA:458,0
DA:459,0
DA:466,0
DA:470,2
DA:488,2
DA:489,0
DA:491,2
DA:492,2
DA:497,2
DA:499,2
DA:518,2
DA:519,2
DA:521,2
DA:522,2
DA:526,11
DA:528,11
DA:592,11
DA:593,0
DA:595,11
DA:598,11
DA:599,11
DA:600,0
DA:605,11
DA:608,0
DA:621,0
DA:622,0
DA:624,0
DA:625,0
DA:628,2
DA:643,2
DA:644,0
DA:646,2
DA:647,2
DA:650,1
DA:653,19
DA:654,0
DA:657,19
DA:658,16
DA:661,3
DA:662,0
DA:663,0
DA:664,0
DA:671,3
DA:672,0
DA:674,0
DA:675,0
DA:682,3
DA:683,3
DA:687,0
DA:688,0
DA:691,0
DA:692,0
DA:695,0
DA:696,0
DA:697,0
DA:698,0
DA:706,0
DA:711,0
DA:713,0
DA:714,0
DA:717,0
DA:718,0
DA:722,0
DA:724,0
DA:725,0
DA:727,0
DA:738,0
DA:751,0
DA:752,0
DA:756,0
DA:758,0
DA:759,0
DA:760,0
DA:761,0
DA:763,0
DA:765,0
DA:767,0
DA:768,0
DA:772,0
DA:773,0
DA:775,0
DA:776,0
DA:777,0
DA:778,0
DA:782,0
DA:787,0
DA:791,0
LF:208
LH:61
BRDA:36,0,0,26
BRDA:43,1,0,1
BRDA:43,1,1,25
BRDA:47,2,0,1
BRDA:47,2,1,24
BRDA:51,3,0,1
BRDA:51,3,1,23
BRDA:56,4,0,1
BRDA:56,4,1,22
BRDA:63,5,0,0
BRDA:76,6,0,0
BRDA:76,6,1,22
BRDA:78,7,0,0
BRDA:78,7,1,22
BRDA:80,8,0,0
BRDA:80,8,1,22
BRDA:82,9,0,0
BRDA:82,9,1,22
BRDA:84,10,0,0
BRDA:84,10,1,22
BRDA:86,11,0,0
BRDA:86,11,1,22
BRDA:88,12,0,0
BRDA:88,12,1,22
BRDA:91,13,0,0
BRDA:91,13,1,22
BRDA:100,14,0,2
BRDA:100,14,1,2
BRDA:100,14,2,0
BRDA:100,14,3,0
BRDA:100,14,4,0
BRDA:100,14,5,0
BRDA:100,14,6,2
BRDA:100,14,7,2
BRDA:100,14,8,11
BRDA:100,14,9,0
BRDA:100,14,10,2
BRDA:100,14,11,1
BRDA:104,15,0,2
BRDA:104,15,1,2
BRDA:105,16,0,2
BRDA:105,16,1,0
BRDA:106,17,0,2
BRDA:106,17,1,0
BRDA:107,18,0,2
BRDA:107,18,1,0
BRDA:108,19,0,2
BRDA:108,19,1,2
BRDA:109,20,0,2
BRDA:109,20,1,2
BRDA:110,21,0,2
BRDA:110,21,1,2
BRDA:111,22,0,0
BRDA:111,22,1,2
BRDA:112,23,0,0
BRDA:112,23,1,2
BRDA:113,24,0,0
BRDA:113,24,1,2
BRDA:114,25,0,0
BRDA:114,25,1,2
BRDA:115,26,0,0
BRDA:115,26,1,2
BRDA:116,27,0,0
BRDA:116,27,1,2
BRDA:117,28,0,0
BRDA:117,28,1,2
BRDA:119,29,0,0
BRDA:119,29,1,2
BRDA:124,30,0,0
BRDA:124,30,1,2
BRDA:135,31,0,2
BRDA:135,31,1,2
BRDA:141,32,0,2
BRDA:141,32,1,2
BRDA:147,33,0,2
BRDA:147,33,1,2
BRDA:153,34,0,2
BRDA:153,34,1,2
BRDA:154,35,0,2
BRDA:154,35,1,2
BRDA:155,36,0,0
BRDA:155,36,1,2
BRDA:156,37,0,0
BRDA:156,37,1,2
BRDA:157,38,0,2
BRDA:157,38,1,2
BRDA:159,39,0,0
BRDA:159,39,1,2
BRDA:160,40,0,0
BRDA:160,40,1,2
BRDA:161,41,0,0
BRDA:161,41,1,2
BRDA:162,42,0,0
BRDA:162,42,1,2
BRDA:163,43,0,0
BRDA:163,43,1,2
BRDA:164,44,0,0
BRDA:164,44,1,2
BRDA:167,45,0,0
BRDA:167,45,1,0
BRDA:167,46,0,0
BRDA:167,46,1,0
BRDA:188,47,0,0
BRDA:188,47,1,0
BRDA:206,48,0,0
BRDA:206,48,1,0
BRDA:212,49,0,0
BRDA:212,49,1,0
BRDA:218,50,0,0
BRDA:218,50,1,0
BRDA:220,51,0,0
BRDA:220,51,1,0
BRDA:222,52,0,0
BRDA:222,52,1,0
BRDA:223,53,0,0
BRDA:223,53,1,0
BRDA:224,54,0,0
BRDA:224,54,1,0
BRDA:225,55,0,0
BRDA:225,55,1,0
BRDA:226,56,0,0
BRDA:226,56,1,0
BRDA:227,57,0,0
BRDA:227,57,1,0
BRDA:231,58,0,0
BRDA:231,58,1,0
BRDA:231,59,0,0
BRDA:231,59,1,0
BRDA:254,60,0,0
BRDA:254,60,1,0
BRDA:273,61,0,0
BRDA:274,62,0,0
BRDA:274,62,1,0
BRDA:282,63,0,0
BRDA:282,63,1,0
BRDA:284,64,0,0
BRDA:284,64,1,0
BRDA:284,65,0,0
BRDA:284,65,1,0
BRDA:285,66,0,0
BRDA:285,66,1,0
BRDA:287,67,0,0
BRDA:287,67,1,0
BRDA:294,68,0,0
BRDA:294,68,1,0
BRDA:296,69,0,0
BRDA:296,69,1,0
BRDA:297,70,0,0
BRDA:297,70,1,0
BRDA:298,71,0,0
BRDA:298,71,1,0
BRDA:299,72,0,0
BRDA:299,72,1,0
BRDA:301,73,0,0
BRDA:301,73,1,0
BRDA:305,74,0,0
BRDA:305,74,1,0
BRDA:305,75,0,0
BRDA:305,75,1,0
BRDA:327,76,0,0
BRDA:327,76,1,0
BRDA:346,77,0,0
BRDA:346,77,1,0
BRDA:348,78,0,0
BRDA:348,78,1,0
BRDA:349,79,0,0
BRDA:349,79,1,0
BRDA:355,80,0,0
BRDA:355,80,1,0
BRDA:355,81,0,0
BRDA:355,81,1,0
BRDA:355,81,2,0
BRDA:372,82,0,0
BRDA:372,82,1,0
BRDA:373,83,0,0
BRDA:373,83,1,0
BRDA:381,84,0,0
BRDA:381,84,1,0
BRDA:389,85,0,0
BRDA:389,85,1,0
BRDA:389,86,0,0
BRDA:389,86,1,0
BRDA:389,86,2,0
BRDA:403,87,0,0
BRDA:403,87,1,0
BRDA:404,88,0,0
BRDA:404,88,1,0
BRDA:406,89,0,0
BRDA:406,89,1,0
BRDA:407,90,0,0
BRDA:407,90,1,0
BRDA:408,91,0,0
BRDA:408,91,1,0
BRDA:412,92,0,0
BRDA:412,92,1,0
BRDA:413,93,0,0
BRDA:413,93,1,0
BRDA:414,94,0,0
BRDA:414,94,1,0
BRDA:418,95,0,0
BRDA:418,95,1,0
BRDA:426,96,0,0
BRDA:426,96,1,0
BRDA:452,97,0,0
BRDA:452,97,1,0
BRDA:472,98,0,2
BRDA:472,98,1,0
BRDA:473,99,0,2
BRDA:473,99,1,0
BRDA:474,100,0,2
BRDA:474,100,1,2
BRDA:475,101,0,2
BRDA:475,101,1,2
BRDA:476,102,0,2
BRDA:476,102,1,0
BRDA:477,103,0,2
BRDA:477,103,1,2
BRDA:478,104,0,2
BRDA:478,104,1,2
BRDA:479,105,0,2
BRDA:479,105,1,0
BRDA:480,106,0,2
BRDA:480,106,1,2
BRDA:481,107,0,0
BRDA:481,107,1,2
BRDA:482,108,0,0
BRDA:482,108,1,2
BRDA:483,109,0,0
BRDA:483,109,1,2
BRDA:484,110,0,0
BRDA:484,110,1,2
BRDA:485,111,0,0
BRDA:485,111,1,2
BRDA:486,112,0,0
BRDA:486,112,1,2
BRDA:488,113,0,0
BRDA:488,113,1,2
BRDA:497,114,0,2
BRDA:497,114,1,2
BRDA:501,115,0,2
BRDA:501,115,1,0
BRDA:504,116,0,2
BRDA:504,116,1,0
BRDA:505,117,0,2
BRDA:505,117,1,1
BRDA:509,118,0,0
BRDA:509,118,1,2
BRDA:511,119,0,2
BRDA:511,119,1,0
BRDA:511,120,0,0
BRDA:511,120,1,0
BRDA:512,121,0,0
BRDA:512,121,1,2
BRDA:513,122,0,0
BRDA:513,122,1,2
BRDA:514,123,0,0
BRDA:514,123,1,2
BRDA:515,124,0,0
BRDA:515,124,1,2
BRDA:516,125,0,0
BRDA:516,125,1,2
BRDA:518,126,0,2
BRDA:518,126,1,0
BRDA:526,127,0,11
BRDA:526,127,1,11
BRDA:532,128,0,0
BRDA:532,128,1,11
BRDA:536,129,0,0
BRDA:536,129,1,11
BRDA:540,130,0,0
BRDA:540,130,1,11
BRDA:544,131,0,0
BRDA:544,131,1,11
BRDA:548,132,0,0
BRDA:548,132,1,11
BRDA:552,133,0,0
BRDA:552,133,1,11
BRDA:556,134,0,0
BRDA:556,134,1,11
BRDA:560,135,0,0
BRDA:560,135,1,11
BRDA:564,136,0,0
BRDA:564,136,1,11
BRDA:568,137,0,0
BRDA:568,137,1,11
BRDA:572,138,0,0
BRDA:572,138,1,11
BRDA:576,139,0,11
BRDA:576,139,1,4
BRDA:577,140,0,11
BRDA:577,140,1,9
BRDA:579,141,0,0
BRDA:579,141,1,11
BRDA:581,142,0,0
BRDA:581,142,1,11
BRDA:584,143,0,11
BRDA:584,143,1,10
BRDA:585,144,0,1
BRDA:585,144,1,10
BRDA:586,145,0,1
BRDA:586,145,1,10
BRDA:587,146,0,0
BRDA:587,146,1,11
BRDA:588,147,0,0
BRDA:588,147,1,11
BRDA:589,148,0,0
BRDA:589,148,1,11
BRDA:590,149,0,0
BRDA:590,149,1,11
BRDA:592,150,0,0
BRDA:592,150,1,11
BRDA:599,151,0,0
BRDA:599,151,1,11
BRDA:610,152,0,0
BRDA:610,152,1,0
BRDA:611,153,0,0
BRDA:611,153,1,0
BRDA:612,154,0,0
BRDA:612,154,1,0
BRDA:613,155,0,0
BRDA:613,155,1,0
BRDA:614,156,0,0
BRDA:614,156,1,0
BRDA:615,157,0,0
BRDA:615,157,1,0
BRDA:616,158,0,0
BRDA:616,158,1,0
BRDA:617,159,0,0
BRDA:617,159,1,0
BRDA:618,160,0,0
BRDA:618,160,1,0
BRDA:619,161,0,0
BRDA:619,161,1,0
BRDA:621,162,0,0
BRDA:621,162,1,0
BRDA:630,163,0,2
BRDA:630,163,1,0
BRDA:631,164,0,2
BRDA:631,164,1,0
BRDA:633,165,0,2
BRDA:633,165,1,1
BRDA:634,166,0,2
BRDA:634,166,1,1
BRDA:635,167,0,2
BRDA:635,167,1,2
BRDA:636,168,0,0
BRDA:636,168,1,2
BRDA:637,169,0,0
BRDA:637,169,1,2
BRDA:638,170,0,0
BRDA:638,170,1,2
BRDA:639,171,0,0
BRDA:639,171,1,2
BRDA:640,172,0,0
BRDA:640,172,1,2
BRDA:641,173,0,0
BRDA:641,173,1,2
BRDA:643,174,0,0
BRDA:643,174,1,2
BRDA:653,175,0,0
BRDA:653,175,1,19
BRDA:657,176,0,16
BRDA:657,176,1,3
BRDA:657,177,0,19
BRDA:657,177,1,17
BRDA:661,178,0,0
BRDA:661,178,1,3
BRDA:661,179,0,3
BRDA:661,179,1,0
BRDA:671,180,0,0
BRDA:671,180,1,3
BRDA:671,181,0,3
BRDA:671,181,1,0
BRDA:682,182,0,3
BRDA:682,182,1,0
BRDA:687,183,0,0
BRDA:687,183,1,0
BRDA:687,184,0,0
BRDA:687,184,1,0
BRDA:688,185,0,0
BRDA:688,185,1,0
BRDA:688,186,0,0
BRDA:688,186,1,0
BRDA:697,187,0,0
BRDA:697,187,1,0
BRDA:697,188,0,0
BRDA:697,188,1,0
BRDA:706,189,0,0
BRDA:706,189,1,0
BRDA:707,190,0,0
BRDA:707,190,1,0
BRDA:707,190,2,0
BRDA:717,191,0,0
BRDA:717,191,1,0
BRDA:717,192,0,0
BRDA:717,192,1,0
BRDA:722,193,0,0
BRDA:722,193,1,0
BRDA:722,194,0,0
BRDA:722,194,1,0
BRDA:724,195,0,0
BRDA:724,195,1,0
BRDA:751,196,0,0
BRDA:751,196,1,0
BRDA:751,197,0,0
BRDA:751,197,1,0
BRDA:758,198,0,0
BRDA:758,198,1,0
BRDA:760,199,0,0
BRDA:760,199,1,0
BRDA:767,200,0,0
BRDA:767,200,1,0
BRDA:773,201,0,0
BRDA:773,201,1,0
BRDA:773,202,0,0
BRDA:773,202,1,0
BRDA:778,203,0,0
BRDA:778,203,1,0
BRF:418
BRH:155
end_of_record
